"../../../../../../Users/kpearso1/Documents/Unreal Projects/GardenProject/Content/Materials/OriginalPhotos/hegdeFlo.uasset" 0
"../../../../../../Users/kpearso1/Documents/Unreal Projects/GardenProject/Content/Materials/HedgeFlowr.uasset" 1
"../../../Engine/Content/Functions/Engine_MaterialFunctions01/Opacity/CameraDepthFade.uasset" 2
"../../../Engine/Content/EngineMaterials/T_Default_Material_Grid_M.uasset" 3
"../../../Engine/Content/EngineMaterials/T_Default_Material_Grid_N.uasset" 4
"../../../Engine/Content/EngineMaterials/WorldGridMaterial.uasset" 5
"../../../Engine/Content/BasicShapes/Cube.uasset" 6
"../../../../../../Users/kpearso1/Documents/Unreal Projects/GardenProject/Content/Blueprints/Secret_Door.uasset" 7
"../../../../../../Users/kpearso1/Documents/Unreal Projects/GardenProject/Content/Materials/OriginalPhotos/greeeeeen.uasset" 8
"../../../../../../Users/kpearso1/Documents/Unreal Projects/GardenProject/Content/Materials/Greeb.uasset" 9
"../../../../../../Users/kpearso1/Documents/Unreal Projects/GardenProject/Content/Materials/OriginalPhotos/poink.uasset" 10
"../../../../../../Users/kpearso1/Documents/Unreal Projects/GardenProject/Content/Materials/Pink.uasset" 11
"../../../../../../Users/kpearso1/Documents/Unreal Projects/GardenProject/Content/Materials/OriginalPhotos/yello.uasset" 12
"../../../../../../Users/kpearso1/Documents/Unreal Projects/GardenProject/Content/Materials/Yellow.uasset" 13
"../../../Engine/Content/EngineMaterials/DefaultMaterial.uasset" 14
"../../../Engine/Content/BasicShapes/Cone.uasset" 15
"../../../Engine/Content/BasicShapes/Cylinder.uasset" 16
"../../../Engine/Content/BasicShapes/Sphere.uasset" 17
"../../../../../../Users/kpearso1/Documents/Unreal Projects/GardenProject/Content/Audio/GrowSound.uasset" 18
"../../../../../../Users/kpearso1/Documents/Unreal Projects/GardenProject/Content/Blueprints/Bonk_Flower.uasset" 19
"../../../Engine/Content/EngineFonts/Faces/DroidSansMono.uasset" 20
"../../../Engine/Content/EngineFonts/DroidSansMono.uasset" 21
"../../../../../../Users/kpearso1/Documents/Unreal Projects/GardenProject/Content/Widgets/EndLevel.uasset" 22
"../../../../../../Users/kpearso1/Documents/Unreal Projects/GardenProject/Content/Blueprints/EndTrigger.uasset" 23
"../../../../../../Users/kpearso1/Documents/Unreal Projects/GardenProject/Content/Blueprints/TriggerBox_Blueprint.uasset" 24
"../../../../../../Users/kpearso1/Documents/Unreal Projects/GardenProject/Content/FirstPerson/Audio/FirstPersonTemplateWeaponFire02.uasset" 25
"../../../../../../Users/kpearso1/Documents/Unreal Projects/GardenProject/Content/FirstPerson/Character/Mesh/SK_Mannequin_Arms_Skeleton.uasset" 26
"../../../../../../Users/kpearso1/Documents/Unreal Projects/GardenProject/Content/FirstPerson/Animations/FirstPerson_Idle.uasset" 27
"../../../../../../Users/kpearso1/Documents/Unreal Projects/GardenProject/Content/FirstPerson/Animations/FirstPerson_JumpEnd.uasset" 28
"../../../../../../Users/kpearso1/Documents/Unreal Projects/GardenProject/Content/FirstPerson/Animations/FirstPerson_JumpLoop.uasset" 29
"../../../../../../Users/kpearso1/Documents/Unreal Projects/GardenProject/Content/FirstPerson/Animations/FirstPerson_JumpStart.uasset" 30
"../../../../../../Users/kpearso1/Documents/Unreal Projects/GardenProject/Content/FirstPerson/Animations/FirstPerson_Run.uasset" 31
"../../../Engine/Content/EditorBlueprintResources/StandardMacros.uasset" 32
"../../../../../../Users/kpearso1/Documents/Unreal Projects/GardenProject/Content/FirstPerson/Animations/FirstPerson_AnimBP.uasset" 33
"../../../../../../Users/kpearso1/Documents/Unreal Projects/GardenProject/Content/FirstPerson/Character/Mesh/FirstPersonAnimBlueprint_Copy.uasset" 34
"../../../../../../Users/kpearso1/Documents/Unreal Projects/GardenProject/Content/FirstPerson/Character/Textures/UE4_LOGO_CARD.uasset" 35
"../../../../../../Users/kpearso1/Documents/Unreal Projects/GardenProject/Content/FirstPerson/FPWeapon/Materials/MaterialLayers/ML_Plastic_Shiny_Beige_LOGO.uasset" 36
"../../../../../../Users/kpearso1/Documents/Unreal Projects/GardenProject/Content/FirstPerson/FPWeapon/Materials/MaterialLayers/T_ML_FineRubber.uasset" 37
"../../../../../../Users/kpearso1/Documents/Unreal Projects/GardenProject/Content/FirstPerson/FPWeapon/Mesh/SK_FPGun_PhysicsAsset.uasset" 38
"../../../../../../Users/kpearso1/Documents/Unreal Projects/GardenProject/Content/FirstPerson/Meshes/BaseMaterial.uasset" 39
"../../../../../../Users/kpearso1/Documents/Unreal Projects/GardenProject/Content/FirstPerson/Meshes/CubeMaterialOverride.uasset" 40
"../../../../../../Users/kpearso1/Documents/Unreal Projects/GardenProject/Content/FirstPersonBP/FirstPersonOverview.uasset" 41
"../../../../../../Users/kpearso1/Documents/Unreal Projects/GardenProject/Content/Geometry/Meshes/CubeMaterial.uasset" 42
"../../../../../../Users/kpearso1/Documents/Unreal Projects/GardenProject/Content/Geometry/Meshes/1M_Cube_Chamfer.uasset" 43
"../../../../../../Users/kpearso1/Documents/Unreal Projects/GardenProject/Content/Geometry/Meshes/TemplateFloor.uasset" 44
"../../../../../../Users/kpearso1/Documents/Unreal Projects/GardenProject/Content/Materials/OriginalPhotos/hegdeFlorw.uasset" 45
"../../../../../../Users/kpearso1/Documents/Unreal Projects/GardenProject/Content/Materials/HedgeFlower.uasset" 46
"../../../Engine/Content/Animation/DefaultAnimCurveCompressionSettings.uasset" 47
"../../../Engine/Content/ArtTools/RenderToTexture/Meshes/S_1_Unit_Plane.uasset" 48
"../../../Engine/Content/BasicShapes/Plane.uasset" 49
"../../../Engine/Content/EditorLandscapeResources/DataLayer.uasset" 50
"../../../Engine/Content/EditorMaterials/GizmoMaterial.uasset" 51
"../../../Engine/Content/EditorMaterials/MAT_Groups_Toggle.uasset" 52
"../../../Engine/Content/EditorMaterials/MAT_Groups_Visibility.uasset" 53
"../../../Engine/Content/EditorMaterials/PreviewShadowIndicator.uasset" 54
"../../../Engine/Content/EditorMaterials/PreviewShadowIndicatorMaterial.uasset" 55
"../../../Engine/Content/EditorMaterials/MatineeGroups/MAT_ColorTrack.uasset" 56
"../../../Engine/Content/EditorMaterials/MatineeGroups/MAT_Groups_Anim.uasset" 57
"../../../Engine/Content/EditorMaterials/MatineeGroups/MAT_Groups_AudioMaster.uasset" 58
"../../../Engine/Content/EditorMaterials/MatineeGroups/MAT_Groups_Director.uasset" 59
"../../../Engine/Content/EditorMaterials/MatineeGroups/MAT_Groups_Event.uasset" 60
"../../../Engine/Content/EditorMaterials/MatineeGroups/MAT_Groups_Fade.uasset" 61
"../../../Engine/Content/EditorMaterials/MatineeGroups/MAT_Groups_Float.uasset" 62
"../../../Engine/Content/EditorMaterials/MatineeGroups/MAT_Groups_Move.uasset" 63
"../../../Engine/Content/EditorMaterials/MatineeGroups/MAT_Groups_Slomo.uasset" 64
"../../../Engine/Content/EditorMaterials/MatineeGroups/MAT_Groups_Sound.uasset" 65
"../../../Engine/Content/EditorMaterials/MatineeGroups/MAT_Groups_Vector.uasset" 66
"../../../Engine/Content/EditorMaterials/ParticleSystems/PSysThumbnail_NoImage.uasset" 67
"../../../Engine/Content/EditorMaterials/ParticleSystems/PSysThumbnail_OOD.uasset" 68
"../../../Engine/Content/EditorMaterials/Camera/CineMat.uasset" 69
"../../../Engine/Content/EditorMaterials/Camera/MI_CineMat_Rig.uasset" 70
"../../../Engine/Content/EditorMeshes/Camera/SM_CraneRig_Arm.uasset" 71
"../../../Engine/Content/EditorMeshes/Camera/SM_CraneRig_Base.uasset" 72
"../../../Engine/Content/EditorMeshes/Camera/SM_CraneRig_Body.uasset" 73
"../../../Engine/Content/EditorMeshes/Camera/SM_CraneRig_Mount.uasset" 74
"../../../Engine/Content/EditorMeshes/Camera/SM_RailRig_Mount.uasset" 75
"../../../Engine/Content/EditorMeshes/Camera/SM_RailRig_Track.uasset" 76
"../../../Engine/Content/EditorResources/BSPVertex.uasset" 77
"../../../Engine/Content/EditorResources/EmptyActor.uasset" 78
"../../../Engine/Content/EditorResources/S_Actor.uasset" 79
"../../../Engine/Content/EditorResources/S_Note.uasset" 80
"../../../Engine/Content/EditorResources/S_Solver.uasset" 81
"../../../Engine/Content/EditorResources/S_Trigger.uasset" 82
"../../../Engine/Content/EditorResources/AudioIcons/S_AudioComponent_AutoActivate.uasset" 83
"../../../Engine/Content/EditorResources/LightIcons/S_LightError.uasset" 84
"../../../Engine/Content/EditorResources/SequenceRecorder/Countdown.uasset" 85
"../../../Engine/Content/EditorResources/SequenceRecorder/RecordingIndicator.uasset" 86
"../../../Engine/Content/EditorSounds/Notifications/CompileFailed.uasset" 87
"../../../Engine/Content/EditorSounds/Notifications/CompileFailed_Cue.uasset" 88
"../../../Engine/Content/EditorSounds/Notifications/CompileSuccess.uasset" 89
"../../../Engine/Content/EditorSounds/Notifications/CompileStart_Cue.uasset" 90
"../../../Engine/Content/EditorSounds/Notifications/CompileSuccess_Cue.uasset" 91
"../../../Engine/Content/EngineDamageTypes/DmgTypeBP_Environmental.uasset" 92
"../../../Engine/Content/EngineDebugMaterials/HeatmapGradient.uasset" 93
"../../../Engine/Content/EngineDebugMaterials/BoneWeightMaterial.uasset" 94
"../../../Engine/Content/EngineDebugMaterials/ClothMaterial.uasset" 95
"../../../Engine/Content/EngineDebugMaterials/ClothMaterial_WF.uasset" 96
"../../../Engine/Content/EngineDebugMaterials/DebugEditorMaterial.uasset" 97
"../../../Engine/Content/EngineDebugMaterials/DebugMeshMaterial.uasset" 98
"../../../Engine/Content/EngineDebugMaterials/GeomMaterial.uasset" 99
"../../../Engine/Content/EngineDebugMaterials/M_SimpleTranslucent.uasset" 100
"../../../Engine/Content/Functions/Engine_MaterialFunctions02/Utility/CameraDirectionVector.uasset" 101
"../../../Engine/Content/EngineDebugMaterials/VolumeToRender.uasset" 102
"../../../Engine/Content/EngineDebugMaterials/M_VolumeRenderSphereTracePP.uasset" 103
"../../../Engine/Content/EngineDebugMaterials/WireframeMaterial.uasset" 104
"../../../Engine/Content/EngineFonts/Faces/RobotoBold.uasset" 105
"../../../Engine/Content/EngineFonts/Faces/RobotoBoldItalic.uasset" 106
"../../../Engine/Content/EngineFonts/Faces/RobotoItalic.uasset" 107
"../../../Engine/Content/EngineFonts/Faces/RobotoLight.uasset" 108
"../../../Engine/Content/EngineFonts/Faces/RobotoRegular.uasset" 109
"../../../Engine/Content/EngineFonts/Roboto.uasset" 110
"../../../Engine/Content/EngineFonts/Faces/RobotoTiny.uasset" 111
"../../../Engine/Content/EngineFonts/RobotoTiny.uasset" 112
"../../../Engine/Content/EngineMaterials/BaseFlattenDiffuseMap.uasset" 113
"../../../Engine/Content/EngineMaterials/BaseFlattenEmissiveMap.uasset" 114
"../../../Engine/Content/EngineMaterials/BaseFlattenGrayscaleMap.uasset" 115
"../../../Engine/Content/EngineMaterials/BaseFlattenNormalMap.uasset" 116
"../../../Engine/Content/EngineMaterials/BaseFlattenMaterial.uasset" 117
"../../../Engine/Content/EngineMaterials/BlueNoise.uasset" 118
"../../../Engine/Content/EngineMaterials/DefaultBloomKernel.uasset" 119
"../../../Engine/Content/EngineMaterials/DefaultBokeh.uasset" 120
"../../../Engine/Content/EngineMaterials/DefaultDiffuse.uasset" 121
"../../../Engine/Content/EngineMaterials/DefaultDeferredDecalMaterial.uasset" 122
"../../../Engine/Content/EngineMaterials/DefaultLightFunctionMaterial.uasset" 123
"../../../Engine/Content/EngineMaterials/DefaultPhysicalMaterial.uasset" 124
"../../../Engine/Content/Functions/Engine_MaterialFunctions02/Utility/BreakOutFloat2Components.uasset" 125
"../../../Engine/Content/EngineMaterials/DefaultPostProcessMaterial.uasset" 126
"../../../Engine/Content/EngineFonts/RobotoDistanceField.uasset" 127
"../../../Engine/Content/EngineMaterials/DefaultTextMaterialOpaque.uasset" 128
"../../../Engine/Content/EngineMaterials/DefaultVirtualTextureMaterial.uasset" 129
"../../../Engine/Content/EngineMaterials/DefaultWhiteGrid.uasset" 130
"../../../Engine/Content/EngineMaterials/EditorBrushMaterial.uasset" 131
"../../../Engine/Content/EngineMaterials/DefaultWhiteGrid_Low.uasset" 132
"../../../Engine/Content/EngineMaterials/EmissiveMeshMaterial.uasset" 133
"../../../Engine/Content/EngineMaterials/Good64x64TilingNoiseHighFreq.uasset" 134
"../../../Engine/Content/EngineMaterials/MiniFont.uasset" 135
"../../../Engine/Content/EngineMaterials/InvalidLightmapSettings.uasset" 136
"../../../Engine/Content/EngineMaterials/M_InvalidLightmapSettings.uasset" 137
"../../../Engine/Content/Functions/Engine_MaterialFunctions02/WorldPositionOffset/CameraOffset.uasset" 138
"../../../Engine/Content/EngineMaterials/PhAT_JointLimitMaterial.uasset" 139
"../../../Engine/Content/EngineMaterials/PreintegratedSkinBRDF.uasset" 140
"../../../Engine/Content/EngineMaterials/RemoveSurfaceMaterial.uasset" 141
"../../../Engine/Content/EngineMaterials/WeightMapPlaceholderTexture.uasset" 142
"../../../Engine/Content/EngineResources/WhiteSquareTexture.uasset" 143
"../../../Engine/Content/EngineMaterials/Widget3DPassThrough.uasset" 144
"../../../Engine/Content/EngineMaterials/Widget3DPassThrough_Masked.uasset" 145
"../../../Engine/Content/EngineMaterials/Widget3DPassThrough_Opaque.uasset" 146
"../../../Engine/Content/EngineMaterials/Widget3DPassThrough_Masked_OneSided.uasset" 147
"../../../Engine/Content/EngineMaterials/Widget3DPassThrough_Opaque_OneSided.uasset" 148
"../../../Engine/Content/EngineMaterials/Widget3DPassThrough_Translucent.uasset" 149
"../../../Engine/Content/EngineMaterials/Widget3DPassThrough_Translucent_OneSided.uasset" 150
"../../../Engine/Content/EngineMeshes/Cylinder.uasset" 151
"../../../Engine/Content/EngineMeshes/Sphere.uasset" 152
"../../../Engine/Content/EngineResources/Black.uasset" 153
"../../../Engine/Content/EngineResources/DefaultTexture.uasset" 154
"../../../Engine/Content/EngineResources/DefaultTextureCube.uasset" 155
"../../../Engine/Content/EngineResources/DefaultVolumeTexture2D.uasset" 156
"../../../Engine/Content/EngineResources/DefaultVolumeTexture.uasset" 157
"../../../Engine/Content/EngineResources/GradientTexture0.uasset" 158
"../../../Engine/Content/EngineSounds/Master.uasset" 159
"../../../Engine/Content/Functions/Engine_MaterialFunctions01/Shading/ConvertFromDiffSpec.uasset" 160
"../../../Engine/Content/Functions/Engine_MaterialFunctions01/Shading/PowerToRoughness.uasset" 161
"../../../Engine/Content/Maps/Templates/Thumbnails/Default.uasset" 162
"../../../Engine/Content/Maps/Templates/Thumbnails/VR-Basic.uasset" 163
"../../../Engine/Content/MobileResources/T_MobileControls_texture.uasset" 164
"../../../Engine/Content/MobileResources/T_MobileMenu2.uasset" 165
"../../../Engine/Content/MobileResources/HUD/AnalogHat.uasset" 166
"../../../Engine/Content/MobileResources/HUD/VirtualJoystick_Background.uasset" 167
"../../../Engine/Content/MobileResources/HUD/VirtualJoystick_Thumb.uasset" 168
"../../../Engine/Content/MobileResources/HUD/DefaultVirtualJoysticks.uasset" 169
"../../../Engine/Content/MobileResources/HUD/LeftVirtualJoystickOnly.uasset" 170
"../../../Engine/Content/MobileResources/HUD/MobileHUDButton1_off.uasset" 171
"../../../Engine/Content/MobileResources/HUD/MobileHUDButton1_on.uasset" 172
"../../../Engine/Content/MobileResources/HUD/MobileHUDButton2_off.uasset" 173
"../../../Engine/Content/MobileResources/HUD/MobileHUDButton2_on.uasset" 174
"../../../Engine/Content/MobileResources/HUD/MobileHUDButton3.uasset" 175
"../../../Engine/Content/MobileResources/HUD/MobileHUDButtonFire.uasset" 176
"../../../Engine/Content/MobileResources/HUD/MobileHUDDirectionPad.uasset" 177
"../../../Engine/Content/MobileResources/HUD/MobileHUDDirectionPad2.uasset" 178
"../../../Engine/Content/MobileResources/HUD/MobileHUDDirectionPad3.uasset" 179
"../../../Engine/Content/MobileResources/HUD/MobileHUDDirectionStick.uasset" 180
"../../../Engine/Content/MobileResources/HUD/T_Castle_ThumbstickInner.uasset" 181
"../../../Engine/Content/MobileResources/HUD/T_Castle_ThumbstickOutter.uasset" 182
"../../../Engine/Content/Tutorial/ContentIntroCurve.uasset" 183
"../../../Engine/Content/VREditor/LaserPointer/VR_LaserPower_01.uasset" 184
"../../../Engine/Content/VREditor/TransformGizmo/TransformGizmoMaterial.uasset" 185
"../../../Engine/Content/VREditor/TransformGizmo/TranslucentTransformGizmoMaterial.uasset" 186
"../../../Engine/Content/VREditor/TransformGizmo/BoundingBoxCorner.uasset" 187
"../../../Engine/Content/VREditor/TransformGizmo/BoundingBoxEdge.uasset" 188
"../../../Engine/Content/VREditor/TransformGizmo/PlaneTranslationHandle.uasset" 189
"../../../Engine/Content/VREditor/TransformGizmo/Main.uasset" 190
"../../../Engine/Content/VREditor/TransformGizmo/Xray.uasset" 191
"../../../Engine/Content/VREditor/TransformGizmo/SM_Sequencer_Key.uasset" 192
"../../../Engine/Content/VREditor/TransformGizmo/SM_Sequencer_Node.uasset" 193
"../../Plugins/2D/Paper2D/Content/PlaceholderTextures/DummySpriteTexture.uasset" 194
"../../Plugins/2D/Paper2D/Content/DummySprite.uasset" 195
"../../Plugins/2D/Paper2D/Content/DefaultPaperTerrainMaterial.uasset" 196
"../../Plugins/2D/Paper2D/Content/DummySpriteTexture.uasset" 197
"../../Plugins/2D/Paper2D/Content/DefaultSpriteMaterial.uasset" 198
"../../Plugins/2D/Paper2D/Content/MaskedUnlitSpriteMaterial.uasset" 199
"../../Plugins/2D/Paper2D/Content/OpaqueUnlitSpriteMaterial.uasset" 200
"../../Plugins/Runtime/Oculus/OculusVR/Content/OculusMR_RenderTarget.uasset" 201
"../../../Engine/Content/Functions/Engine_MaterialFunctions02/Utility/BreakOutFloat4Components.uasset" 202
"../../../Engine/Content/Functions/Engine_MaterialFunctions02/Utility/MakeFloat2.uasset" 203
"../../../Engine/Content/Functions/Engine_MaterialFunctions02/Utility/MakeFloat3.uasset" 204
"../../Plugins/Runtime/Oculus/OculusVR/Content/Materials/OculusMR_ChromaKey.uasset" 205
"../../Plugins/Runtime/Oculus/OculusVR/Content/Materials/OculusMR_ChromaKey_Lit.uasset" 206
"../../Plugins/Runtime/Oculus/OculusVR/Content/Materials/OculusMR_OpaqueColoredMaterial.uasset" 207
"../../Plugins/Runtime/Oculus/OculusVR/Content/Materials/OculusMR_WhiteMaterial.uasset" 208
"../../../../../../Users/kpearso1/Documents/Unreal Projects/GardenProject/Content/FirstPerson/Animations/FirstPerson_Fire.uasset" 209
"../../../../../../Users/kpearso1/Documents/Unreal Projects/GardenProject/Content/FirstPerson/Animations/FirstPersonFire_Montage.uasset" 210
"../../../../../../Users/kpearso1/Documents/Unreal Projects/GardenProject/Content/Audio/KeyNoise1.uasset" 211
"../../../../../../Users/kpearso1/Documents/Unreal Projects/GardenProject/Content/Blueprints/Keys.uasset" 212
"../../../Engine/Content/Functions/Engine_MaterialFunctions02/Utility/BlendAngleCorrectedNormals.uasset" 213
"../../../../../../Users/kpearso1/Documents/Unreal Projects/GardenProject/Content/Materials/StarterContent/Textures/T_Perlin_Noise_M.uasset" 214
"../../../../../../Users/kpearso1/Documents/Unreal Projects/GardenProject/Content/Materials/StarterContent/Textures/T_Water_M.uasset" 215
"../../../../../../Users/kpearso1/Documents/Unreal Projects/GardenProject/Content/Materials/StarterContent/Textures/T_Water_N.uasset" 216
"../../../../../../Users/kpearso1/Documents/Unreal Projects/GardenProject/Content/Materials/StarterContent/Materials/M_Water_Ocean.uasset" 217
"../../../../../../Users/kpearso1/Documents/Unreal Projects/GardenProject/Content/FirstPerson/Meshes/FirstPersonProjectileMaterial.uasset" 218
"../../../../../../Users/kpearso1/Documents/Unreal Projects/GardenProject/Content/FirstPerson/Meshes/FirstPersonProjectileMesh.uasset" 219
"../../../../../../Users/kpearso1/Documents/Unreal Projects/GardenProject/Content/FirstPersonBP/Blueprints/FirstPersonProjectile.uasset" 220
"../../../../../../Users/kpearso1/Documents/Unreal Projects/GardenProject/Content/Audio/WaterGun.uasset" 221
"../../../Engine/Content/Functions/MaterialLayerFunctions/MatLayerBlend_NormalBlend.uasset" 222
"../../../Engine/Content/Functions/MaterialLayerFunctions/MatLayerBlend_Simple.uasset" 223
"../../../../../../Users/kpearso1/Documents/Unreal Projects/GardenProject/Content/FirstPerson/Character/Materials/MaterialLayers/T_ML_Rubber_Blue_01_D.uasset" 224
"../../../../../../Users/kpearso1/Documents/Unreal Projects/GardenProject/Content/FirstPerson/Character/Materials/MaterialLayers/T_ML_Rubber_Blue_01_N.uasset" 225
"../../../../../../Users/kpearso1/Documents/Unreal Projects/GardenProject/Content/FirstPerson/Character/Materials/MaterialLayers/ML_GlossyBlack_Latex_UE4.uasset" 226
"../../../../../../Users/kpearso1/Documents/Unreal Projects/GardenProject/Content/FirstPerson/Character/Materials/MaterialLayers/ML_Plastic_Shiny_Beige.uasset" 227
"../../../../../../Users/kpearso1/Documents/Unreal Projects/GardenProject/Content/FirstPerson/Character/Materials/MaterialLayers/ML_Plastic_Shiny_Beige_LOGO.uasset" 228
"../../../../../../Users/kpearso1/Documents/Unreal Projects/GardenProject/Content/FirstPerson/Character/Materials/MaterialLayers/T_ML_Aluminum01.uasset" 229
"../../../../../../Users/kpearso1/Documents/Unreal Projects/GardenProject/Content/FirstPerson/Character/Materials/MaterialLayers/T_ML_Aluminum01_N.uasset" 230
"../../../../../../Users/kpearso1/Documents/Unreal Projects/GardenProject/Content/FirstPerson/Character/Materials/MaterialLayers/ML_SoftMetal_UE4.uasset" 231
"../../../../../../Users/kpearso1/Documents/Unreal Projects/GardenProject/Content/FirstPerson/Character/Textures/UE4_Mannequin__normals.uasset" 232
"../../../../../../Users/kpearso1/Documents/Unreal Projects/GardenProject/Content/FirstPerson/Character/Textures/UE4_Mannequin_MAT_MASKA.uasset" 233
"../../../../../../Users/kpearso1/Documents/Unreal Projects/GardenProject/Content/FirstPerson/Character/Materials/M_UE4Man_Body.uasset" 234
"../../../../../../Users/kpearso1/Documents/Unreal Projects/GardenProject/Content/FirstPerson/Character/Mesh/SK_Mannequin_Arms_PhysicsAsset.uasset" 235
"../../../../../../Users/kpearso1/Documents/Unreal Projects/GardenProject/Content/FirstPerson/Character/Mesh/SK_Mannequin_Arms.uasset" 236
"../../../../../../Users/kpearso1/Documents/Unreal Projects/GardenProject/Content/FirstPerson/FPWeapon/Materials/MaterialLayers/T_ML_Rubber_Blue_01_D.uasset" 237
"../../../../../../Users/kpearso1/Documents/Unreal Projects/GardenProject/Content/FirstPerson/FPWeapon/Materials/MaterialLayers/T_ML_Rubber_Blue_01_N.uasset" 238
"../../../../../../Users/kpearso1/Documents/Unreal Projects/GardenProject/Content/FirstPerson/FPWeapon/Materials/MaterialLayers/ML_GlossyBlack_Latex_UE4.uasset" 239
"../../../../../../Users/kpearso1/Documents/Unreal Projects/GardenProject/Content/FirstPerson/FPWeapon/Materials/MaterialLayers/ML_Plastic_Shiny_Beige.uasset" 240
"../../../../../../Users/kpearso1/Documents/Unreal Projects/GardenProject/Content/FirstPerson/FPWeapon/Materials/MaterialLayers/ML_Screen.uasset" 241
"../../../../../../Users/kpearso1/Documents/Unreal Projects/GardenProject/Content/FirstPerson/FPWeapon/Materials/MaterialLayers/T_ML_Aluminum01.uasset" 242
"../../../../../../Users/kpearso1/Documents/Unreal Projects/GardenProject/Content/FirstPerson/FPWeapon/Materials/MaterialLayers/T_ML_Aluminum01_N.uasset" 243
"../../../../../../Users/kpearso1/Documents/Unreal Projects/GardenProject/Content/FirstPerson/FPWeapon/Materials/MaterialLayers/ML_SoftMetal_UE4.uasset" 244
"../../../../../../Users/kpearso1/Documents/Unreal Projects/GardenProject/Content/FirstPerson/FPWeapon/Textures/T_FPGun_M.uasset" 245
"../../../../../../Users/kpearso1/Documents/Unreal Projects/GardenProject/Content/FirstPerson/FPWeapon/Textures/T_FPGun_N.uasset" 246
"../../../../../../Users/kpearso1/Documents/Unreal Projects/GardenProject/Content/FirstPerson/FPWeapon/Materials/M_FPGun.uasset" 247
"../../../../../../Users/kpearso1/Documents/Unreal Projects/GardenProject/Content/FirstPerson/FPWeapon/Mesh/SK_FPGun_Skeleton.uasset" 248
"../../../../../../Users/kpearso1/Documents/Unreal Projects/GardenProject/Content/FirstPerson/FPWeapon/Mesh/SK_FPGun.uasset" 249
"../../../../../../Users/kpearso1/Documents/Unreal Projects/GardenProject/Content/FirstPersonBP/Blueprints/FirstPersonCharacter.uasset" 250
"../../../Engine/Content/EngineSky/C_Sky_Cloud_Color.uasset" 251
"../../../Engine/Content/EngineSky/C_Sky_Horizon_Color.uasset" 252
"../../../Engine/Content/EngineSky/C_Sky_Zenith_Color.uasset" 253
"../../../Engine/Content/EngineSky/T_Sky_Blue.uasset" 254
"../../../Engine/Content/EngineSky/T_Sky_Clouds_M.uasset" 255
"../../../Engine/Content/EngineSky/T_Sky_Stars.uasset" 256
"../../../Engine/Content/EngineSky/M_Sky_Panning_Clouds2.uasset" 257
"../../../Engine/Content/EngineSky/SM_SkySphere.uasset" 258
"../../../Engine/Content/EngineSky/BP_Sky_Sphere.uasset" 259
"../../../../../../Users/kpearso1/Documents/Unreal Projects/GardenProject/Content/Blueprints/Hit_Flower.uasset" 260
"../../../Engine/Content/VREditor/LaserPointer/HoverMaterial.uasset" 261
"../../../../../../Users/kpearso1/Documents/Unreal Projects/GardenProject/Content/Blueprints/HitExit.uasset" 262
"../../../../../../Users/kpearso1/Documents/Unreal Projects/GardenProject/Content/Blueprints/HitReplay.uasset" 263
"../../../../../../Users/kpearso1/Documents/Unreal Projects/GardenProject/Content/Blueprints/Key_Door.uasset" 264
"../../../../../../Users/kpearso1/Documents/Unreal Projects/GardenProject/Content/Blueprints/Sign_1.uasset" 265
"../../../../../../Users/kpearso1/Documents/Unreal Projects/GardenProject/Content/Blueprints/Sign_2.uasset" 266
"../../../../../../Users/kpearso1/Documents/Unreal Projects/GardenProject/Content/FirstPerson/Textures/FirstPersonCrosshair.uasset" 267
"../../../../../../Users/kpearso1/Documents/Unreal Projects/GardenProject/Content/FirstPersonBP/Blueprints/FirstPersonHUD.uasset" 268
"../../../../../../Users/kpearso1/Documents/Unreal Projects/GardenProject/Content/FirstPersonBP/Blueprints/FirstPersonGameMode.uasset" 269
"../../../../../../Users/kpearso1/Documents/Unreal Projects/GardenProject/Content/FirstPersonBP/Maps/FirstPersonExampleMap_BuiltData.uasset" 270
"../../../../../../Users/kpearso1/Documents/Unreal Projects/GardenProject/Content/Materials/OriginalPhotos/paper.uasset" 271
"../../../../../../Users/kpearso1/Documents/Unreal Projects/GardenProject/Content/Materials/BookInner.uasset" 272
"../../../../../../Users/kpearso1/Documents/Unreal Projects/GardenProject/Content/Materials/OriginalPhotos/leather.uasset" 273
"../../../../../../Users/kpearso1/Documents/Unreal Projects/GardenProject/Content/Materials/BookOuter.uasset" 274
"../../../../../../Users/kpearso1/Documents/Unreal Projects/GardenProject/Content/Materials/OriginalPhotos/foot.uasset" 275
"../../../../../../Users/kpearso1/Documents/Unreal Projects/GardenProject/Content/Materials/Ground.uasset" 276
"../../../../../../Users/kpearso1/Documents/Unreal Projects/GardenProject/Content/Materials/OriginalPhotos/hegde.uasset" 277
"../../../../../../Users/kpearso1/Documents/Unreal Projects/GardenProject/Content/Materials/Hedge.uasset" 278
"../../../../../../Users/kpearso1/Documents/Unreal Projects/GardenProject/Content/Materials/OriginalPhotos/baby_blu.uasset" 279
"../../../../../../Users/kpearso1/Documents/Unreal Projects/GardenProject/Content/Materials/HouseBlu.uasset" 280
"../../../../../../Users/kpearso1/Documents/Unreal Projects/GardenProject/Content/Materials/OriginalPhotos/pinkbrick.uasset" 281
"../../../../../../Users/kpearso1/Documents/Unreal Projects/GardenProject/Content/Materials/HouseBrick.uasset" 282
"../../../../../../Users/kpearso1/Documents/Unreal Projects/GardenProject/Content/Materials/OriginalPhotos/PURPLE-BRICKS-.uasset" 283
"../../../../../../Users/kpearso1/Documents/Unreal Projects/GardenProject/Content/Materials/HouseChimney.uasset" 284
"../../../../../../Users/kpearso1/Documents/Unreal Projects/GardenProject/Content/Materials/OriginalPhotos/purpcurtain.uasset" 285
"../../../../../../Users/kpearso1/Documents/Unreal Projects/GardenProject/Content/Materials/HouseCurtain.uasset" 286
"../../../../../../Users/kpearso1/Documents/Unreal Projects/GardenProject/Content/Materials/OriginalPhotos/housewhite.uasset" 287
"../../../../../../Users/kpearso1/Documents/Unreal Projects/GardenProject/Content/Materials/HouseWhit.uasset" 288
"../../../../../../Users/kpearso1/Documents/Unreal Projects/GardenProject/Content/Materials/OriginalPhotos/darnk.uasset" 289
"../../../../../../Users/kpearso1/Documents/Unreal Projects/GardenProject/Content/Materials/MetalDark.uasset" 290
"../../../../../../Users/kpearso1/Documents/Unreal Projects/GardenProject/Content/Materials/OriginalPhotos/metals.uasset" 291
"../../../../../../Users/kpearso1/Documents/Unreal Projects/GardenProject/Content/Materials/MetalLight.uasset" 292
"../../../../../../Users/kpearso1/Documents/Unreal Projects/GardenProject/Content/Materials/OriginalPhotos/Metal_Mesh_001_COLOR.uasset" 293
"../../../../../../Users/kpearso1/Documents/Unreal Projects/GardenProject/Content/Materials/MetalMesh.uasset" 294
"../../../../../../Users/kpearso1/Documents/Unreal Projects/GardenProject/Content/Materials/OriginalPhotos/roof.uasset" 295
"../../../../../../Users/kpearso1/Documents/Unreal Projects/GardenProject/Content/Materials/Rooftop.uasset" 296
"../../../../../../Users/kpearso1/Documents/Unreal Projects/GardenProject/Content/Materials/OriginalPhotos/rope1.uasset" 297
"../../../../../../Users/kpearso1/Documents/Unreal Projects/GardenProject/Content/Materials/Rope_1.uasset" 298
"../../../../../../Users/kpearso1/Documents/Unreal Projects/GardenProject/Content/Materials/OriginalPhotos/rope2.uasset" 299
"../../../../../../Users/kpearso1/Documents/Unreal Projects/GardenProject/Content/Materials/Rope_2.uasset" 300
"../../../../../../Users/kpearso1/Documents/Unreal Projects/GardenProject/Content/Materials/OriginalPhotos/umbrella.uasset" 301
"../../../../../../Users/kpearso1/Documents/Unreal Projects/GardenProject/Content/Materials/Umbrellatop.uasset" 302
"../../../../../../Users/kpearso1/Documents/Unreal Projects/GardenProject/Content/Materials/OriginalPhotos/well.uasset" 303
"../../../../../../Users/kpearso1/Documents/Unreal Projects/GardenProject/Content/Materials/WellStone.uasset" 304
"../../../../../../Users/kpearso1/Documents/Unreal Projects/GardenProject/Content/Materials/OriginalPhotos/woob.uasset" 305
"../../../../../../Users/kpearso1/Documents/Unreal Projects/GardenProject/Content/Materials/WoodDark.uasset" 306
"../../../../../../Users/kpearso1/Documents/Unreal Projects/GardenProject/Content/Materials/OriginalPhotos/woodd.uasset" 307
"../../../../../../Users/kpearso1/Documents/Unreal Projects/GardenProject/Content/Materials/WoodLight.uasset" 308
"../../../../../../Users/kpearso1/Documents/Unreal Projects/GardenProject/Content/Materials/OriginalPhotos/WooD.uasset" 309
"../../../../../../Users/kpearso1/Documents/Unreal Projects/GardenProject/Content/Materials/WoodWhite.uasset" 310
"../../../../../../Users/kpearso1/Documents/Unreal Projects/GardenProject/Content/Audio/BackGroundTree.uasset" 311
"../../../../../../Users/kpearso1/Documents/Unreal Projects/GardenProject/Content/Audio/LBP_RadioSong.uasset" 312
"../../../../../../Users/kpearso1/Documents/Unreal Projects/GardenProject/Content/Audio/Radio.uasset" 313
"../../../../../../Users/kpearso1/Documents/Unreal Projects/GardenProject/Content/Geometry/Meshes/1M_Cube.uasset" 314
"../../../../../../Users/kpearso1/Documents/Unreal Projects/GardenProject/Content/Widgets/KeyCounter.uasset" 315
"../../../../../../Users/kpearso1/Documents/Unreal Projects/GardenProject/Content/FirstPersonBP/Maps/FirstPersonExampleMap.umap" 316
"../../../Engine/Content/Maps/Entry_BuiltData.uasset" 317
"../../../Engine/Content/Maps/Entry.umap" 318
