Log file open, 10/23/19 18:21:40
LogWindows: Failed to load 'aqProf.dll' (GetLastError=126)
LogWindows: File 'aqProf.dll' does not exist
LogWindows: Failed to load 'VtuneApi.dll' (GetLastError=126)
LogWindows: File 'VtuneApi.dll' does not exist
LogWindows: Failed to load 'VtuneApi32e.dll' (GetLastError=126)
LogWindows: File 'VtuneApi32e.dll' does not exist
LogConsoleResponse: Display: Failed to find resolution value strings in scalability ini. Falling back to default.
LogInit: Display: Running engine for game: GardenProject
LogPlatformFile: Not using cached read wrapper
LogTaskGraph: Started task graph with 5 named threads and 23 total threads with 3 sets of task threads.
LogStats: Stats thread started at 0.070549
LogD3D11RHI: Loaded GFSDK_Aftermath_Lib.x64.dll
LogICUInternationalization: ICU TimeZone Detection - Raw Offset: -5:00, Platform Override: ''
LogPluginManager: Mounting plugin Paper2D
LogPluginManager: Mounting plugin AISupport
LogPluginManager: Mounting plugin LightPropagationVolume
LogPluginManager: Mounting plugin ActorLayerUtilities
LogPluginManager: Mounting plugin AnimationSharing
LogPluginManager: Mounting plugin CLionSourceCodeAccess
LogPluginManager: Mounting plugin CodeLiteSourceCodeAccess
LogPluginManager: Mounting plugin GitSourceControl
LogPluginManager: Mounting plugin KDevelopSourceCodeAccess
LogPluginManager: Mounting plugin NullSourceCodeAccess
LogPluginManager: Mounting plugin PerforceSourceControl
LogPluginManager: Mounting plugin SubversionSourceControl
LogPluginManager: Mounting plugin UObjectPlugin
LogPluginManager: Mounting plugin VisualStudioCodeSourceCodeAccess
LogPluginManager: Mounting plugin VisualStudioSourceCodeAccess
LogPluginManager: Mounting plugin XCodeSourceCodeAccess
LogPluginManager: Mounting plugin AssetManagerEditor
LogPluginManager: Mounting plugin CryptoKeys
LogPluginManager: Mounting plugin CurveEditorTools
LogPluginManager: Mounting plugin DataValidation
LogPluginManager: Mounting plugin FacialAnimation
LogPluginManager: Mounting plugin GameplayTagsEditor
LogPluginManager: Mounting plugin MacGraphicsSwitching
LogPluginManager: Mounting plugin MaterialAnalyzer
LogPluginManager: Mounting plugin MobileLauncherProfileWizard
LogPluginManager: Mounting plugin PluginBrowser
LogPluginManager: Mounting plugin SpeedTreeImporter
LogPluginManager: Mounting plugin DatasmithContent
LogPluginManager: Mounting plugin VariantManagerContent
LogPluginManager: Mounting plugin AlembicImporter
LogPluginManager: Mounting plugin AutomationUtils
LogPluginManager: Mounting plugin BackChannel
LogPluginManager: Mounting plugin CharacterAI
LogPluginManager: Mounting plugin GeometryCache
LogPluginManager: Mounting plugin HTML5Networking
LogPluginManager: Mounting plugin PlatformCrypto
LogPluginManager: Mounting plugin ProxyLODPlugin
LogPluginManager: Mounting plugin SkeletalReduction
LogPluginManager: Mounting plugin MagicLeap
LogPluginManager: Mounting plugin MagicLeapMedia
LogPluginManager: Mounting plugin AndroidMedia
LogPluginManager: Mounting plugin AvfMedia
LogPluginManager: Mounting plugin ImgMedia
LogPluginManager: Mounting plugin MediaCompositing
LogPluginManager: Mounting plugin MediaPlayerEditor
LogPluginManager: Mounting plugin WebMMedia
LogPluginManager: Mounting plugin WmfMedia
LogPluginManager: Mounting plugin TcpMessaging
LogPluginManager: Mounting plugin UdpMessaging
LogPluginManager: Mounting plugin ActorSequence
LogPluginManager: Mounting plugin LevelSequenceEditor
LogPluginManager: Mounting plugin MatineeToLevelSequence
LogPluginManager: Mounting plugin NetcodeUnitTest
LogPluginManager: Mounting plugin NUTUnrealEngine4
LogPluginManager: Mounting plugin OnlineSubsystemGooglePlay
LogPluginManager: Mounting plugin OnlineSubsystemIOS
LogPluginManager: Mounting plugin OnlineSubsystem
LogPluginManager: Mounting plugin OnlineSubsystemNull
LogPluginManager: Mounting plugin OnlineSubsystemUtils
LogPluginManager: Mounting plugin LauncherChunkInstaller
LogPluginManager: Mounting plugin AndroidDeviceProfileSelector
LogPluginManager: Mounting plugin AndroidMoviePlayer
LogPluginManager: Mounting plugin AndroidPermission
LogPluginManager: Mounting plugin AppleImageUtils
LogPluginManager: Mounting plugin AppleMoviePlayer
LogPluginManager: Mounting plugin ArchVisCharacter
LogPluginManager: Mounting plugin AudioCapture
LogPluginManager: Mounting plugin CableComponent
LogPluginManager: Mounting plugin CustomMeshComponent
LogPluginManager: Mounting plugin EditableMesh
LogPluginManager: Mounting plugin ExampleDeviceProfileSelector
LogPluginManager: Mounting plugin GoogleCloudMessaging
LogPluginManager: Mounting plugin IOSDeviceProfileSelector
LogPluginManager: Mounting plugin LinuxDeviceProfileSelector
LogPluginManager: Mounting plugin LocationServicesBPLibrary
LogPluginManager: Mounting plugin MobilePatchingUtils
LogPluginManager: Mounting plugin OculusVR
LogPluginManager: Mounting plugin PhysXVehicles
LogPluginManager: Mounting plugin ProceduralMeshComponent
LogPluginManager: Mounting plugin RuntimePhysXCooking
LogPluginManager: Mounting plugin SignificanceManager
LogPluginManager: Mounting plugin SteamVR
LogPluginManager: Mounting plugin WebMMoviePlayer
LogPluginManager: Mounting plugin WindowsMoviePlayer
LogPluginManager: Mounting plugin ScreenshotTools
LogInit: Using libcurl 7.55.1-DEV
LogInit:  - built for x86_64-pc-win32
LogInit:  - supports SSL with OpenSSL/1.1.1
LogInit:  - supports HTTP deflate (compression) using libz 1.2.8
LogInit:  - other features:
LogInit:      CURL_VERSION_SSL
LogInit:      CURL_VERSION_LIBZ
LogInit:      CURL_VERSION_IPV6
LogInit:      CURL_VERSION_ASYNCHDNS
LogInit:      CURL_VERSION_LARGEFILE
LogInit:      CURL_VERSION_IDN
LogInit:  CurlRequestOptions (configurable via config and command line):
LogInit:  - bVerifyPeer = true  - Libcurl will verify peer certificate
LogInit:  - bUseHttpProxy = false  - Libcurl will NOT use HTTP proxy
LogInit:  - bDontReuseConnections = false  - Libcurl will reuse connections
LogInit:  - MaxHostConnections = 16  - Libcurl will limit the number of connections to a host
LogInit:  - LocalHostAddr = Default
LogInit:  - BufferSize = 65536
LogOnline: OSS: Creating online subsystem instance for: NULL
LogInit: WinSock: version 1.1 (2.2), MaxSocks=32767, MaxUdp=65467
LogInit: Build: ++UE4+Release-4.23-CL-8386587
LogInit: Engine Version: 4.23.0-8386587+++UE4+Release-4.23
LogInit: Compatible Engine Version: 4.23.0-8386587+++UE4+Release-4.23
LogInit: Net CL: 8386587
LogInit: OS: Windows 10 (Release 1903) (), CPU: Intel(R) Core(TM) i7-7700 CPU @ 3.60GHz, GPU: NVIDIA GeForce GTX 1070
LogInit: Compiled (64-bit): Aug 31 2019 02:04:44
LogInit: Compiled with Visual C++: 19.16.27030.01
LogInit: Build Configuration: Development
LogInit: Branch Name: ++UE4+Release-4.23
LogInit: Command Line: 
LogInit: Base Directory: C:/Program Files/Epic Games/UE_4.23/Engine/Binaries/Win64/
LogInit: Installed Engine Build: 1
LogDevObjectVersion: Number of dev versions registered: 23
LogDevObjectVersion:   Dev-Blueprints (B0D832E4-1F89-4F0D-ACCF-7EB736FD4AA2): 10
LogDevObjectVersion:   Dev-Build (E1C64328-A22C-4D53-A36C-8E866417BD8C): 0
LogDevObjectVersion:   Dev-Core (375EC13C-06E4-48FB-B500-84F0262A717E): 3
LogDevObjectVersion:   Dev-Editor (E4B068ED-F494-42E9-A231-DA0B2E46BB41): 34
LogDevObjectVersion:   Dev-Framework (CFFC743F-43B0-4480-9391-14DF171D2073): 35
LogDevObjectVersion:   Dev-Mobile (B02B49B5-BB20-44E9-A304-32B752E40360): 2
LogDevObjectVersion:   Dev-Networking (A4E4105C-59A1-49B5-A7C5-40C4547EDFEE): 0
LogDevObjectVersion:   Dev-Online (39C831C9-5AE6-47DC-9A44-9C173E1C8E7C): 0
LogDevObjectVersion:   Dev-Physics (78F01B33-EBEA-4F98-B9B4-84EACCB95AA2): 0
LogDevObjectVersion:   Dev-Platform (6631380F-2D4D-43E0-8009-CF276956A95A): 0
LogDevObjectVersion:   Dev-Rendering (12F88B9F-8875-4AFC-A67C-D90C383ABD29): 31
LogDevObjectVersion:   Dev-Sequencer (7B5AE74C-D270-4C10-A958-57980B212A5A): 11
LogDevObjectVersion:   Dev-VR (D7296918-1DD6-4BDD-9DE2-64A83CC13884): 2
LogDevObjectVersion:   Dev-LoadTimes (C2A15278-BFE7-4AFE-6C17-90FF531DF755): 1
LogDevObjectVersion:   Private-Geometry (6EACA3D4-40EC-4CC1-B786-8BED09428FC5): 3
LogDevObjectVersion:   Dev-AnimPhys (29E575DD-E0A3-4627-9D10-D276232CDCEA): 17
LogDevObjectVersion:   Dev-Anim (AF43A65D-7FD3-4947-9873-3E8ED9C1BB05): 2
LogDevObjectVersion:   Dev-ReflectionCapture (6B266CEC-1EC7-4B8F-A30B-E4D90942FC07): 1
LogDevObjectVersion:   Dev-Automation (0DF73D61-A23F-47EA-B727-89E90C41499A): 1
LogDevObjectVersion:   FortniteMain (601D1886-AC64-4F84-AA16-D3DE0DEAC7D6): 27
LogDevObjectVersion:   Dev-Enterprise (9DFFBCD6-494F-0158-E221-12823C92A888): 6
LogDevObjectVersion:   Dev-Niagara (F2AED0AC-9AFE-416F-8664-AA7FFA26D6FC): 1
LogDevObjectVersion:   Dev-Destruction (174F1F0B-B4C6-45A5-B13F-2EE8D0FB917D): 9
LogInit: Presizing for max 16777216 objects, including 0 objects not considered by GC, pre-allocating 0 bytes for permanent pool.
LogInit: Object subsystem initialized
LogConfig: Setting CVar [[con.DebugEarlyDefault:1]]
LogConfig: Setting CVar [[r.setres:1280x720]]
[2019.10.23-22.21.41:038][  0]LogConfig: Setting CVar [[r.VSync:0]]
[2019.10.23-22.21.41:038][  0]LogConfig: Setting CVar [[r.RHICmdBypass:0]]
[2019.10.23-22.21.41:038][  0]LogConfig: Applying CVar settings from Section [/Script/Engine.RendererSettings] File [C:/Users/kpearso1/Documents/Unreal Projects/GardenProject/Saved/Config/Windows/Engine.ini]
[2019.10.23-22.21.41:038][  0]LogConfig: Setting CVar [[r.GPUCrashDebugging:0]]
[2019.10.23-22.21.41:038][  0]LogConfig: Applying CVar settings from Section [/Script/Engine.RendererOverrideSettings] File [C:/Users/kpearso1/Documents/Unreal Projects/GardenProject/Saved/Config/Windows/Engine.ini]
[2019.10.23-22.21.41:038][  0]LogConfig: Applying CVar settings from Section [/Script/Engine.StreamingSettings] File [C:/Users/kpearso1/Documents/Unreal Projects/GardenProject/Saved/Config/Windows/Engine.ini]
[2019.10.23-22.21.41:038][  0]LogConfig: Setting CVar [[s.MinBulkDataSizeForAsyncLoading:131072]]
[2019.10.23-22.21.41:038][  0]LogConfig: Setting CVar [[s.AsyncLoadingThreadEnabled:0]]
[2019.10.23-22.21.41:038][  0]LogConfig: Setting CVar [[s.EventDrivenLoaderEnabled:1]]
[2019.10.23-22.21.41:038][  0]LogConfig: Setting CVar [[s.WarnIfTimeLimitExceeded:0]]
[2019.10.23-22.21.41:038][  0]LogConfig: Setting CVar [[s.TimeLimitExceededMultiplier:1.5]]
[2019.10.23-22.21.41:038][  0]LogConfig: Setting CVar [[s.TimeLimitExceededMinTime:0.005]]
[2019.10.23-22.21.41:038][  0]LogConfig: Setting CVar [[s.UseBackgroundLevelStreaming:1]]
[2019.10.23-22.21.41:038][  0]LogConfig: Setting CVar [[s.PriorityAsyncLoadingExtraTime:15.0]]
[2019.10.23-22.21.41:038][  0]LogConfig: Setting CVar [[s.LevelStreamingActorsUpdateTimeLimit:5.0]]
[2019.10.23-22.21.41:038][  0]LogConfig: Setting CVar [[s.PriorityLevelStreamingActorsUpdateExtraTime:5.0]]
[2019.10.23-22.21.41:038][  0]LogConfig: Setting CVar [[s.LevelStreamingComponentsRegistrationGranularity:10]]
[2019.10.23-22.21.41:038][  0]LogConfig: Setting CVar [[s.UnregisterComponentsTimeLimit:1.0]]
[2019.10.23-22.21.41:038][  0]LogConfig: Setting CVar [[s.LevelStreamingComponentsUnregistrationGranularity:5]]
[2019.10.23-22.21.41:038][  0]LogConfig: Applying CVar settings from Section [/Script/Engine.GarbageCollectionSettings] File [C:/Users/kpearso1/Documents/Unreal Projects/GardenProject/Saved/Config/Windows/Engine.ini]
[2019.10.23-22.21.41:038][  0]LogConfig: Setting CVar [[gc.MaxObjectsNotConsideredByGC:1]]
[2019.10.23-22.21.41:038][  0]LogConfig: Setting CVar [[gc.SizeOfPermanentObjectPool:0]]
[2019.10.23-22.21.41:038][  0]LogConfig: Setting CVar [[gc.FlushStreamingOnGC:0]]
[2019.10.23-22.21.41:038][  0]LogConfig: Setting CVar [[gc.NumRetriesBeforeForcingGC:10]]
[2019.10.23-22.21.41:038][  0]LogConfig: Setting CVar [[gc.AllowParallelGC:1]]
[2019.10.23-22.21.41:038][  0]LogConfig: Setting CVar [[gc.TimeBetweenPurgingPendingKillObjects:61.1]]
[2019.10.23-22.21.41:038][  0]LogConfig: Setting CVar [[gc.MaxObjectsInEditor:16777216]]
[2019.10.23-22.21.41:038][  0]LogConfig: Setting CVar [[gc.IncrementalBeginDestroyEnabled:1]]
[2019.10.23-22.21.41:038][  0]LogConfig: Setting CVar [[gc.CreateGCClusters:1]]
[2019.10.23-22.21.41:038][  0]LogConfig: Setting CVar [[gc.MinGCClusterSize:5]]
[2019.10.23-22.21.41:038][  0]LogConfig: Setting CVar [[gc.ActorClusteringEnabled:0]]
[2019.10.23-22.21.41:038][  0]LogConfig: Setting CVar [[gc.BlueprintClusteringEnabled:0]]
[2019.10.23-22.21.41:038][  0]LogConfig: Setting CVar [[gc.UseDisregardForGCOnDedicatedServers:0]]
[2019.10.23-22.21.41:038][  0]LogConfig: Applying CVar settings from Section [/Script/Engine.NetworkSettings] File [C:/Users/kpearso1/Documents/Unreal Projects/GardenProject/Saved/Config/Windows/Engine.ini]
[2019.10.23-22.21.41:038][  0]LogConfig: Applying CVar settings from Section [/Script/UnrealEd.CookerSettings] File [C:/Users/kpearso1/Documents/Unreal Projects/GardenProject/Saved/Config/Windows/Engine.ini]
[2019.10.23-22.21.41:040][  0]LogConfig: Applying CVar settings from Section [ViewDistanceQuality@3] File [C:/Users/kpearso1/Documents/Unreal Projects/GardenProject/Saved/Config/Windows/Scalability.ini]
[2019.10.23-22.21.41:040][  0]LogConfig: Setting CVar [[r.SkeletalMeshLODBias:0]]
[2019.10.23-22.21.41:040][  0]LogConfig: Setting CVar [[r.ViewDistanceScale:1.0]]
[2019.10.23-22.21.41:040][  0]LogConfig: Applying CVar settings from Section [AntiAliasingQuality@3] File [C:/Users/kpearso1/Documents/Unreal Projects/GardenProject/Saved/Config/Windows/Scalability.ini]
[2019.10.23-22.21.41:040][  0]LogConfig: Setting CVar [[r.PostProcessAAQuality:4]]
[2019.10.23-22.21.41:040][  0]LogConfig: Applying CVar settings from Section [ShadowQuality@3] File [C:/Users/kpearso1/Documents/Unreal Projects/GardenProject/Saved/Config/Windows/Scalability.ini]
[2019.10.23-22.21.41:040][  0]LogConfig: Setting CVar [[r.LightFunctionQuality:1]]
[2019.10.23-22.21.41:040][  0]LogConfig: Setting CVar [[r.ShadowQuality:5]]
[2019.10.23-22.21.41:040][  0]LogConfig: Setting CVar [[r.Shadow.CSM.MaxCascades:10]]
[2019.10.23-22.21.41:040][  0]LogConfig: Setting CVar [[r.Shadow.MaxResolution:2048]]
[2019.10.23-22.21.41:041][  0]LogConfig: Setting CVar [[r.Shadow.MaxCSMResolution:2048]]
[2019.10.23-22.21.41:041][  0]LogConfig: Setting CVar [[r.Shadow.RadiusThreshold:0.01]]
[2019.10.23-22.21.41:041][  0]LogConfig: Setting CVar [[r.Shadow.DistanceScale:1.0]]
[2019.10.23-22.21.41:041][  0]LogConfig: Setting CVar [[r.Shadow.CSM.TransitionScale:1.0]]
[2019.10.23-22.21.41:041][  0]LogConfig: Setting CVar [[r.Shadow.PreShadowResolutionFactor:1.0]]
[2019.10.23-22.21.41:041][  0]LogConfig: Setting CVar [[r.DistanceFieldShadowing:1]]
[2019.10.23-22.21.41:041][  0]LogConfig: Setting CVar [[r.DistanceFieldAO:1]]
[2019.10.23-22.21.41:041][  0]LogConfig: Setting CVar [[r.AOQuality:2]]
[2019.10.23-22.21.41:041][  0]LogConfig: Setting CVar [[r.VolumetricFog:1]]
[2019.10.23-22.21.41:041][  0]LogConfig: Setting CVar [[r.VolumetricFog.GridPixelSize:8]]
[2019.10.23-22.21.41:041][  0]LogConfig: Setting CVar [[r.VolumetricFog.GridSizeZ:128]]
[2019.10.23-22.21.41:041][  0]LogConfig: Setting CVar [[r.VolumetricFog.HistoryMissSupersampleCount:4]]
[2019.10.23-22.21.41:041][  0]LogConfig: Setting CVar [[r.LightMaxDrawDistanceScale:1]]
[2019.10.23-22.21.41:041][  0]LogConfig: Setting CVar [[r.CapsuleShadows:1]]
[2019.10.23-22.21.41:041][  0]LogConfig: Applying CVar settings from Section [PostProcessQuality@3] File [C:/Users/kpearso1/Documents/Unreal Projects/GardenProject/Saved/Config/Windows/Scalability.ini]
[2019.10.23-22.21.41:041][  0]LogConfig: Setting CVar [[r.MotionBlurQuality:4]]
[2019.10.23-22.21.41:041][  0]LogConfig: Setting CVar [[r.AmbientOcclusionMipLevelFactor:0.4]]
[2019.10.23-22.21.41:041][  0]LogConfig: Setting CVar [[r.AmbientOcclusionMaxQuality:100]]
[2019.10.23-22.21.41:041][  0]LogConfig: Setting CVar [[r.AmbientOcclusionLevels:-1]]
[2019.10.23-22.21.41:041][  0]LogConfig: Setting CVar [[r.AmbientOcclusionRadiusScale:1.0]]
[2019.10.23-22.21.41:041][  0]LogConfig: Setting CVar [[r.DepthOfFieldQuality:2]]
[2019.10.23-22.21.41:041][  0]LogConfig: Setting CVar [[r.RenderTargetPoolMin:400]]
[2019.10.23-22.21.41:041][  0]LogConfig: Setting CVar [[r.LensFlareQuality:2]]
[2019.10.23-22.21.41:041][  0]LogConfig: Setting CVar [[r.SceneColorFringeQuality:1]]
[2019.10.23-22.21.41:041][  0]LogConfig: Setting CVar [[r.EyeAdaptationQuality:2]]
[2019.10.23-22.21.41:041][  0]LogConfig: Setting CVar [[r.BloomQuality:5]]
[2019.10.23-22.21.41:041][  0]LogConfig: Setting CVar [[r.FastBlurThreshold:100]]
[2019.10.23-22.21.41:041][  0]LogConfig: Setting CVar [[r.Upscale.Quality:3]]
[2019.10.23-22.21.41:041][  0]LogConfig: Setting CVar [[r.Tonemapper.GrainQuantization:1]]
[2019.10.23-22.21.41:041][  0]LogConfig: Setting CVar [[r.LightShaftQuality:1]]
[2019.10.23-22.21.41:041][  0]LogConfig: Setting CVar [[r.Filter.SizeScale:1]]
[2019.10.23-22.21.41:041][  0]LogConfig: Setting CVar [[r.Tonemapper.Quality:5]]
[2019.10.23-22.21.41:041][  0]LogConfig: Setting CVar [[r.DOF.Gather.AccumulatorQuality:1        ; higher gathering accumulator quality]]
[2019.10.23-22.21.41:041][  0]LogConfig: Setting CVar [[r.DOF.Gather.PostfilterMethod:1          ; Median3x3 postfilering method]]
[2019.10.23-22.21.41:041][  0]LogConfig: Setting CVar [[r.DOF.Gather.EnableBokehSettings:0       ; no bokeh simulation when gathering]]
[2019.10.23-22.21.41:041][  0]LogConfig: Setting CVar [[r.DOF.Gather.RingCount:4                 ; medium number of samples when gathering]]
[2019.10.23-22.21.41:041][  0]LogConfig: Setting CVar [[r.DOF.Scatter.ForegroundCompositing:1    ; additive foreground scattering]]
[2019.10.23-22.21.41:041][  0]LogConfig: Setting CVar [[r.DOF.Scatter.BackgroundCompositing:2    ; additive background scattering]]
[2019.10.23-22.21.41:041][  0]LogConfig: Setting CVar [[r.DOF.Scatter.EnableBokehSettings:1      ; bokeh simulation when scattering]]
[2019.10.23-22.21.41:041][  0]LogConfig: Setting CVar [[r.DOF.Scatter.MaxSpriteRatio:0.1         ; only a maximum of 10% of scattered bokeh]]
[2019.10.23-22.21.41:041][  0]LogConfig: Setting CVar [[r.DOF.Recombine.Quality:1                ; cheap slight out of focus]]
[2019.10.23-22.21.41:041][  0]LogConfig: Setting CVar [[r.DOF.Recombine.EnableBokehSettings:0    ; no bokeh simulation on slight out of focus]]
[2019.10.23-22.21.41:041][  0]LogConfig: Setting CVar [[r.DOF.TemporalAAQuality:1                ; more stable temporal accumulation]]
[2019.10.23-22.21.41:041][  0]LogConfig: Setting CVar [[r.DOF.Kernel.MaxForegroundRadius:0.025]]
[2019.10.23-22.21.41:041][  0]LogConfig: Setting CVar [[r.DOF.Kernel.MaxBackgroundRadius:0.025]]
[2019.10.23-22.21.41:041][  0]LogConfig: Applying CVar settings from Section [TextureQuality@3] File [C:/Users/kpearso1/Documents/Unreal Projects/GardenProject/Saved/Config/Windows/Scalability.ini]
[2019.10.23-22.21.41:041][  0]LogConfig: Setting CVar [[r.Streaming.MipBias:0]]
[2019.10.23-22.21.41:041][  0]LogConfig: Setting CVar [[r.Streaming.AmortizeCPUToGPUCopy:0]]
[2019.10.23-22.21.41:041][  0]LogConfig: Setting CVar [[r.Streaming.MaxNumTexturesToStreamPerFrame:0]]
[2019.10.23-22.21.41:041][  0]LogConfig: Setting CVar [[r.Streaming.Boost:1]]
[2019.10.23-22.21.41:041][  0]LogConfig: Setting CVar [[r.MaxAnisotropy:8]]
[2019.10.23-22.21.41:041][  0]LogConfig: Setting CVar [[r.Streaming.LimitPoolSizeToVRAM:0]]
[2019.10.23-22.21.41:041][  0]LogConfig: Setting CVar [[r.Streaming.PoolSize:1000]]
[2019.10.23-22.21.41:041][  0]LogConfig: Setting CVar [[r.Streaming.MaxEffectiveScreenSize:0]]
[2019.10.23-22.21.41:041][  0]LogConfig: Applying CVar settings from Section [EffectsQuality@3] File [C:/Users/kpearso1/Documents/Unreal Projects/GardenProject/Saved/Config/Windows/Scalability.ini]
[2019.10.23-22.21.41:041][  0]LogConfig: Setting CVar [[r.TranslucencyLightingVolumeDim:64]]
[2019.10.23-22.21.41:041][  0]LogConfig: Setting CVar [[r.RefractionQuality:2]]
[2019.10.23-22.21.41:041][  0]LogConfig: Setting CVar [[r.SSR.Quality:3]]
[2019.10.23-22.21.41:041][  0]LogConfig: Setting CVar [[r.SceneColorFormat:4]]
[2019.10.23-22.21.41:041][  0]LogConfig: Setting CVar [[r.DetailMode:2]]
[2019.10.23-22.21.41:041][  0]LogConfig: Setting CVar [[r.TranslucencyVolumeBlur:1]]
[2019.10.23-22.21.41:041][  0]LogConfig: Setting CVar [[r.MaterialQualityLevel:1 ; High quality]]
[2019.10.23-22.21.41:041][  0]LogConfig: Setting CVar [[r.SSS.Scale:1]]
[2019.10.23-22.21.41:041][  0]LogConfig: Setting CVar [[r.SSS.SampleSet:2]]
[2019.10.23-22.21.41:041][  0]LogConfig: Setting CVar [[r.SSS.Quality:1]]
[2019.10.23-22.21.41:041][  0]LogConfig: Setting CVar [[r.SSS.HalfRes:1]]
[2019.10.23-22.21.41:041][  0]LogConfig: Setting CVar [[r.EmitterSpawnRateScale:1.0]]
[2019.10.23-22.21.41:041][  0]LogConfig: Setting CVar [[r.ParticleLightQuality:2]]
[2019.10.23-22.21.41:041][  0]LogConfig: Applying CVar settings from Section [FoliageQuality@3] File [C:/Users/kpearso1/Documents/Unreal Projects/GardenProject/Saved/Config/Windows/Scalability.ini]
[2019.10.23-22.21.41:041][  0]LogConfig: Setting CVar [[foliage.DensityScale:1.0]]
[2019.10.23-22.21.41:041][  0]LogConfig: Setting CVar [[grass.DensityScale:1.0]]
[2019.10.23-22.21.41:041][  0]LogInit: Selected Device Profile: [Windows]
[2019.10.23-22.21.41:041][  0]LogInit: Applying CVar settings loaded from the selected device profile: [Windows]
[2019.10.23-22.21.41:045][  0]LogHAL: Display: Platform has ~ 32 GB [34301571072 / 34359738368 / 32], which maps to Largest [LargestMinGB=32, LargerMinGB=12, DefaultMinGB=8, SmallerMinGB=6, SmallestMinGB=0)
[2019.10.23-22.21.41:045][  0]LogInit: Going up to parent DeviceProfile []
[2019.10.23-22.21.41:046][  0]LogConfig: Applying CVar settings from Section [ViewDistanceQuality@3] File [C:/Users/kpearso1/Documents/Unreal Projects/GardenProject/Saved/Config/Windows/Scalability.ini]
[2019.10.23-22.21.41:046][  0]LogConfig: Setting CVar [[r.SkeletalMeshLODBias:0]]
[2019.10.23-22.21.41:046][  0]LogConfig: Setting CVar [[r.ViewDistanceScale:1.0]]
[2019.10.23-22.21.41:046][  0]LogConfig: Applying CVar settings from Section [AntiAliasingQuality@3] File [C:/Users/kpearso1/Documents/Unreal Projects/GardenProject/Saved/Config/Windows/Scalability.ini]
[2019.10.23-22.21.41:046][  0]LogConfig: Setting CVar [[r.PostProcessAAQuality:4]]
[2019.10.23-22.21.41:046][  0]LogConfig: Applying CVar settings from Section [ShadowQuality@3] File [C:/Users/kpearso1/Documents/Unreal Projects/GardenProject/Saved/Config/Windows/Scalability.ini]
[2019.10.23-22.21.41:046][  0]LogConfig: Setting CVar [[r.LightFunctionQuality:1]]
[2019.10.23-22.21.41:046][  0]LogConfig: Setting CVar [[r.ShadowQuality:5]]
[2019.10.23-22.21.41:046][  0]LogConfig: Setting CVar [[r.Shadow.CSM.MaxCascades:10]]
[2019.10.23-22.21.41:046][  0]LogConfig: Setting CVar [[r.Shadow.MaxResolution:2048]]
[2019.10.23-22.21.41:046][  0]LogConfig: Setting CVar [[r.Shadow.MaxCSMResolution:2048]]
[2019.10.23-22.21.41:046][  0]LogConfig: Setting CVar [[r.Shadow.RadiusThreshold:0.01]]
[2019.10.23-22.21.41:046][  0]LogConfig: Setting CVar [[r.Shadow.DistanceScale:1.0]]
[2019.10.23-22.21.41:046][  0]LogConfig: Setting CVar [[r.Shadow.CSM.TransitionScale:1.0]]
[2019.10.23-22.21.41:046][  0]LogConfig: Setting CVar [[r.Shadow.PreShadowResolutionFactor:1.0]]
[2019.10.23-22.21.41:046][  0]LogConfig: Setting CVar [[r.DistanceFieldShadowing:1]]
[2019.10.23-22.21.41:046][  0]LogConfig: Setting CVar [[r.DistanceFieldAO:1]]
[2019.10.23-22.21.41:046][  0]LogConfig: Setting CVar [[r.AOQuality:2]]
[2019.10.23-22.21.41:046][  0]LogConfig: Setting CVar [[r.VolumetricFog:1]]
[2019.10.23-22.21.41:046][  0]LogConfig: Setting CVar [[r.VolumetricFog.GridPixelSize:8]]
[2019.10.23-22.21.41:046][  0]LogConfig: Setting CVar [[r.VolumetricFog.GridSizeZ:128]]
[2019.10.23-22.21.41:046][  0]LogConfig: Setting CVar [[r.VolumetricFog.HistoryMissSupersampleCount:4]]
[2019.10.23-22.21.41:046][  0]LogConfig: Setting CVar [[r.LightMaxDrawDistanceScale:1]]
[2019.10.23-22.21.41:046][  0]LogConfig: Setting CVar [[r.CapsuleShadows:1]]
[2019.10.23-22.21.41:046][  0]LogConfig: Applying CVar settings from Section [PostProcessQuality@3] File [C:/Users/kpearso1/Documents/Unreal Projects/GardenProject/Saved/Config/Windows/Scalability.ini]
[2019.10.23-22.21.41:046][  0]LogConfig: Setting CVar [[r.MotionBlurQuality:4]]
[2019.10.23-22.21.41:046][  0]LogConfig: Setting CVar [[r.AmbientOcclusionMipLevelFactor:0.4]]
[2019.10.23-22.21.41:046][  0]LogConfig: Setting CVar [[r.AmbientOcclusionMaxQuality:100]]
[2019.10.23-22.21.41:046][  0]LogConfig: Setting CVar [[r.AmbientOcclusionLevels:-1]]
[2019.10.23-22.21.41:046][  0]LogConfig: Setting CVar [[r.AmbientOcclusionRadiusScale:1.0]]
[2019.10.23-22.21.41:046][  0]LogConfig: Setting CVar [[r.DepthOfFieldQuality:2]]
[2019.10.23-22.21.41:046][  0]LogConfig: Setting CVar [[r.RenderTargetPoolMin:400]]
[2019.10.23-22.21.41:046][  0]LogConfig: Setting CVar [[r.LensFlareQuality:2]]
[2019.10.23-22.21.41:046][  0]LogConfig: Setting CVar [[r.SceneColorFringeQuality:1]]
[2019.10.23-22.21.41:046][  0]LogConfig: Setting CVar [[r.EyeAdaptationQuality:2]]
[2019.10.23-22.21.41:046][  0]LogConfig: Setting CVar [[r.BloomQuality:5]]
[2019.10.23-22.21.41:046][  0]LogConfig: Setting CVar [[r.FastBlurThreshold:100]]
[2019.10.23-22.21.41:046][  0]LogConfig: Setting CVar [[r.Upscale.Quality:3]]
[2019.10.23-22.21.41:046][  0]LogConfig: Setting CVar [[r.Tonemapper.GrainQuantization:1]]
[2019.10.23-22.21.41:046][  0]LogConfig: Setting CVar [[r.LightShaftQuality:1]]
[2019.10.23-22.21.41:046][  0]LogConfig: Setting CVar [[r.Filter.SizeScale:1]]
[2019.10.23-22.21.41:046][  0]LogConfig: Setting CVar [[r.Tonemapper.Quality:5]]
[2019.10.23-22.21.41:046][  0]LogConfig: Setting CVar [[r.DOF.Gather.AccumulatorQuality:1        ; higher gathering accumulator quality]]
[2019.10.23-22.21.41:046][  0]LogConfig: Setting CVar [[r.DOF.Gather.PostfilterMethod:1          ; Median3x3 postfilering method]]
[2019.10.23-22.21.41:046][  0]LogConfig: Setting CVar [[r.DOF.Gather.EnableBokehSettings:0       ; no bokeh simulation when gathering]]
[2019.10.23-22.21.41:046][  0]LogConfig: Setting CVar [[r.DOF.Gather.RingCount:4                 ; medium number of samples when gathering]]
[2019.10.23-22.21.41:046][  0]LogConfig: Setting CVar [[r.DOF.Scatter.ForegroundCompositing:1    ; additive foreground scattering]]
[2019.10.23-22.21.41:046][  0]LogConfig: Setting CVar [[r.DOF.Scatter.BackgroundCompositing:2    ; additive background scattering]]
[2019.10.23-22.21.41:046][  0]LogConfig: Setting CVar [[r.DOF.Scatter.EnableBokehSettings:1      ; bokeh simulation when scattering]]
[2019.10.23-22.21.41:046][  0]LogConfig: Setting CVar [[r.DOF.Scatter.MaxSpriteRatio:0.1         ; only a maximum of 10% of scattered bokeh]]
[2019.10.23-22.21.41:046][  0]LogConfig: Setting CVar [[r.DOF.Recombine.Quality:1                ; cheap slight out of focus]]
[2019.10.23-22.21.41:046][  0]LogConfig: Setting CVar [[r.DOF.Recombine.EnableBokehSettings:0    ; no bokeh simulation on slight out of focus]]
[2019.10.23-22.21.41:046][  0]LogConfig: Setting CVar [[r.DOF.TemporalAAQuality:1                ; more stable temporal accumulation]]
[2019.10.23-22.21.41:046][  0]LogConfig: Setting CVar [[r.DOF.Kernel.MaxForegroundRadius:0.025]]
[2019.10.23-22.21.41:046][  0]LogConfig: Setting CVar [[r.DOF.Kernel.MaxBackgroundRadius:0.025]]
[2019.10.23-22.21.41:046][  0]LogConfig: Applying CVar settings from Section [TextureQuality@3] File [C:/Users/kpearso1/Documents/Unreal Projects/GardenProject/Saved/Config/Windows/Scalability.ini]
[2019.10.23-22.21.41:046][  0]LogConfig: Setting CVar [[r.Streaming.MipBias:0]]
[2019.10.23-22.21.41:046][  0]LogConfig: Setting CVar [[r.Streaming.AmortizeCPUToGPUCopy:0]]
[2019.10.23-22.21.41:046][  0]LogConfig: Setting CVar [[r.Streaming.MaxNumTexturesToStreamPerFrame:0]]
[2019.10.23-22.21.41:046][  0]LogConfig: Setting CVar [[r.Streaming.Boost:1]]
[2019.10.23-22.21.41:046][  0]LogConfig: Setting CVar [[r.MaxAnisotropy:8]]
[2019.10.23-22.21.41:046][  0]LogConfig: Setting CVar [[r.Streaming.LimitPoolSizeToVRAM:0]]
[2019.10.23-22.21.41:046][  0]LogConfig: Setting CVar [[r.Streaming.PoolSize:1000]]
[2019.10.23-22.21.41:046][  0]LogConfig: Setting CVar [[r.Streaming.MaxEffectiveScreenSize:0]]
[2019.10.23-22.21.41:046][  0]LogConfig: Applying CVar settings from Section [EffectsQuality@3] File [C:/Users/kpearso1/Documents/Unreal Projects/GardenProject/Saved/Config/Windows/Scalability.ini]
[2019.10.23-22.21.41:046][  0]LogConfig: Setting CVar [[r.TranslucencyLightingVolumeDim:64]]
[2019.10.23-22.21.41:046][  0]LogConfig: Setting CVar [[r.RefractionQuality:2]]
[2019.10.23-22.21.41:046][  0]LogConfig: Setting CVar [[r.SSR.Quality:3]]
[2019.10.23-22.21.41:046][  0]LogConfig: Setting CVar [[r.SceneColorFormat:4]]
[2019.10.23-22.21.41:046][  0]LogConfig: Setting CVar [[r.DetailMode:2]]
[2019.10.23-22.21.41:046][  0]LogConfig: Setting CVar [[r.TranslucencyVolumeBlur:1]]
[2019.10.23-22.21.41:046][  0]LogConfig: Setting CVar [[r.MaterialQualityLevel:1 ; High quality]]
[2019.10.23-22.21.41:046][  0]LogConfig: Setting CVar [[r.SSS.Scale:1]]
[2019.10.23-22.21.41:046][  0]LogConfig: Setting CVar [[r.SSS.SampleSet:2]]
[2019.10.23-22.21.41:046][  0]LogConfig: Setting CVar [[r.SSS.Quality:1]]
[2019.10.23-22.21.41:046][  0]LogConfig: Setting CVar [[r.SSS.HalfRes:1]]
[2019.10.23-22.21.41:046][  0]LogConfig: Setting CVar [[r.EmitterSpawnRateScale:1.0]]
[2019.10.23-22.21.41:046][  0]LogConfig: Setting CVar [[r.ParticleLightQuality:2]]
[2019.10.23-22.21.41:046][  0]LogConfig: Applying CVar settings from Section [FoliageQuality@3] File [C:/Users/kpearso1/Documents/Unreal Projects/GardenProject/Saved/Config/Windows/Scalability.ini]
[2019.10.23-22.21.41:046][  0]LogConfig: Setting CVar [[foliage.DensityScale:1.0]]
[2019.10.23-22.21.41:046][  0]LogConfig: Setting CVar [[grass.DensityScale:1.0]]
[2019.10.23-22.21.41:046][  0]LogConfig: Applying CVar settings from Section [Startup] File [../../../Engine/Config/ConsoleVariables.ini]
[2019.10.23-22.21.41:047][  0]LogConfig: Setting CVar [[net.UseAdaptiveNetUpdateFrequency:0]]
[2019.10.23-22.21.41:047][  0]LogConfig: Setting CVar [[p.chaos.AllowCreatePhysxBodies:1]]
[2019.10.23-22.21.41:047][  0]LogConfig: Applying CVar settings from Section [ConsoleVariables] File [C:/Users/kpearso1/Documents/Unreal Projects/GardenProject/Saved/Config/Windows/Engine.ini]
[2019.10.23-22.21.41:047][  0]LogInit: Computer: NQSCGL-MSI-01
[2019.10.23-22.21.41:047][  0]LogInit: User: kpearso1
[2019.10.23-22.21.41:047][  0]LogInit: CPU Page size=4096, Cores=4
[2019.10.23-22.21.41:047][  0]LogInit: High frequency timer resolution =10.000000 MHz
[2019.10.23-22.21.41:047][  0]LogMemory: Memory total: Physical=31.9GB (32GB approx)
[2019.10.23-22.21.41:047][  0]LogMemory: Platform Memory Stats for Windows
[2019.10.23-22.21.41:047][  0]LogMemory: Process Physical Memory: 101.12 MB used, 101.12 MB peak
[2019.10.23-22.21.41:047][  0]LogMemory: Process Virtual Memory: 100.42 MB used, 100.42 MB peak
[2019.10.23-22.21.41:047][  0]LogMemory: Physical Memory: 5990.05 MB used,  26722.48 MB free, 32712.53 MB total
[2019.10.23-22.21.41:047][  0]LogMemory: Virtual Memory: 4668.52 MB used,  134213056.00 MB free, 134217728.00 MB total
[2019.10.23-22.21.41:050][  0]LogWindows: WindowsPlatformFeatures enabled
[2019.10.23-22.21.41:068][  0]LogInit: Using OS detected language (en-US).
[2019.10.23-22.21.41:068][  0]LogInit: Using OS detected locale (en-US).
[2019.10.23-22.21.41:069][  0]LogTextLocalizationManager: No specific localization for 'en-US' exists, so the 'en' localization will be used.
[2019.10.23-22.21.41:215][  0]LogInit: Setting process to per monitor DPI aware
[2019.10.23-22.21.41:245][  0]LogSlate: New Slate User Created.  User Index 0, Is Virtual User: 0
[2019.10.23-22.21.41:245][  0]LogSlate: Slate User Registered.  User Index 0, Is Virtual User: 0
[2019.10.23-22.21.41:438][  0]LogHMD: Failed to initialize OpenVR with code 110
[2019.10.23-22.21.41:438][  0]LogD3D11RHI: D3D11 adapters:
[2019.10.23-22.21.41:506][  0]LogD3D11RHI:    0. 'NVIDIA GeForce GTX 1070' (Feature Level 11_0)
[2019.10.23-22.21.41:506][  0]LogD3D11RHI:       8088/0/16356 MB DedicatedVideo/DedicatedSystem/SharedSystem, Outputs:1, VendorId:0x10de
[2019.10.23-22.21.41:508][  0]LogD3D11RHI:    1. 'Microsoft Basic Render Driver' (Feature Level 11_0)
[2019.10.23-22.21.41:508][  0]LogD3D11RHI:       0/0/16356 MB DedicatedVideo/DedicatedSystem/SharedSystem, Outputs:0, VendorId:0x1414
[2019.10.23-22.21.41:508][  0]LogD3D11RHI: Chosen D3D11 Adapter: 0
[2019.10.23-22.21.41:513][  0]LogD3D11RHI: Creating new Direct3DDevice
[2019.10.23-22.21.41:513][  0]LogD3D11RHI:     GPU DeviceId: 0x1b81 (for the marketing name, search the web for "GPU Device Id")
[2019.10.23-22.21.41:513][  0]LogWindows: EnumDisplayDevices:
[2019.10.23-22.21.41:513][  0]LogWindows:    0. 'NVIDIA GeForce GTX 1070' (P:1 D:1)
[2019.10.23-22.21.41:513][  0]LogWindows:    1. 'NVIDIA GeForce GTX 1070' (P:0 D:0)
[2019.10.23-22.21.41:514][  0]LogWindows:    2. 'NVIDIA GeForce GTX 1070' (P:0 D:0)
[2019.10.23-22.21.41:514][  0]LogWindows:    3. 'NVIDIA GeForce GTX 1070' (P:0 D:0)
[2019.10.23-22.21.41:514][  0]LogWindows: DebugString: FoundDriverCount:4 
[2019.10.23-22.21.41:514][  0]LogD3D11RHI:     Adapter Name: NVIDIA GeForce GTX 1070
[2019.10.23-22.21.41:514][  0]LogD3D11RHI:   Driver Version: 430.86 (internal:26.21.14.3086, unified:430.86)
[2019.10.23-22.21.41:514][  0]LogD3D11RHI:      Driver Date: 5-22-2019
[2019.10.23-22.21.41:514][  0]LogRHI: Texture pool is 5661 MB (70% of 8088 MB)
[2019.10.23-22.21.41:553][  0]LogD3D11RHI: Async texture creation enabled
[2019.10.23-22.21.41:563][  0]LogD3D11RHI: GPU Timing Frequency: 1000.000000 (Debug: 2 1)
[2019.10.23-22.21.41:867][  0]LogTemp: Display: Module 'AllDesktopTargetPlatform' loaded TargetPlatform 'AllDesktop'
[2019.10.23-22.21.41:875][  0]LogTemp: Display: Module 'MacClientTargetPlatform' loaded TargetPlatform 'MacClient'
[2019.10.23-22.21.41:883][  0]LogTemp: Display: Module 'MacNoEditorTargetPlatform' loaded TargetPlatform 'MacNoEditor'
[2019.10.23-22.21.41:891][  0]LogTemp: Display: Module 'MacServerTargetPlatform' loaded TargetPlatform 'MacServer'
[2019.10.23-22.21.41:900][  0]LogTemp: Display: Module 'MacTargetPlatform' loaded TargetPlatform 'Mac'
[2019.10.23-22.21.41:908][  0]LogTemp: Display: Module 'WindowsClientTargetPlatform' loaded TargetPlatform 'WindowsClient'
[2019.10.23-22.21.41:916][  0]LogTemp: Display: Module 'WindowsNoEditorTargetPlatform' loaded TargetPlatform 'WindowsNoEditor'
[2019.10.23-22.21.41:924][  0]LogTemp: Display: Module 'WindowsServerTargetPlatform' loaded TargetPlatform 'WindowsServer'
[2019.10.23-22.21.41:928][  0]LogTemp: Display: Module 'WindowsTargetPlatform' loaded TargetPlatform 'Windows'
[2019.10.23-22.21.41:956][  0]LogTemp: Display: Module 'AndroidTargetPlatform' loaded TargetPlatform 'Android'
[2019.10.23-22.21.41:956][  0]LogTemp: Display: Module 'AndroidTargetPlatform' loaded TargetPlatform 'Android_ASTC'
[2019.10.23-22.21.41:956][  0]LogTemp: Display: Module 'AndroidTargetPlatform' loaded TargetPlatform 'Android_ATC'
[2019.10.23-22.21.41:956][  0]LogTemp: Display: Module 'AndroidTargetPlatform' loaded TargetPlatform 'Android_DXT'
[2019.10.23-22.21.41:956][  0]LogTemp: Display: Module 'AndroidTargetPlatform' loaded TargetPlatform 'Android_ETC1'
[2019.10.23-22.21.41:956][  0]LogTemp: Display: Module 'AndroidTargetPlatform' loaded TargetPlatform 'Android_ETC1a'
[2019.10.23-22.21.41:956][  0]LogTemp: Display: Module 'AndroidTargetPlatform' loaded TargetPlatform 'Android_ETC2'
[2019.10.23-22.21.41:956][  0]LogTemp: Display: Module 'AndroidTargetPlatform' loaded TargetPlatform 'Android_PVRTC'
[2019.10.23-22.21.41:956][  0]LogTemp: Display: Module 'AndroidTargetPlatform' loaded TargetPlatform 'AndroidClient'
[2019.10.23-22.21.41:956][  0]LogTemp: Display: Module 'AndroidTargetPlatform' loaded TargetPlatform 'Android_ASTCClient'
[2019.10.23-22.21.41:956][  0]LogTemp: Display: Module 'AndroidTargetPlatform' loaded TargetPlatform 'Android_ATCClient'
[2019.10.23-22.21.41:956][  0]LogTemp: Display: Module 'AndroidTargetPlatform' loaded TargetPlatform 'Android_DXTClient'
[2019.10.23-22.21.41:956][  0]LogTemp: Display: Module 'AndroidTargetPlatform' loaded TargetPlatform 'Android_ETC1Client'
[2019.10.23-22.21.41:956][  0]LogTemp: Display: Module 'AndroidTargetPlatform' loaded TargetPlatform 'Android_ETC1aClient'
[2019.10.23-22.21.41:956][  0]LogTemp: Display: Module 'AndroidTargetPlatform' loaded TargetPlatform 'Android_ETC2Client'
[2019.10.23-22.21.41:956][  0]LogTemp: Display: Module 'AndroidTargetPlatform' loaded TargetPlatform 'Android_PVRTCClient'
[2019.10.23-22.21.41:956][  0]LogTemp: Display: Module 'AndroidTargetPlatform' loaded TargetPlatform 'Android_Multi'
[2019.10.23-22.21.41:956][  0]LogTemp: Display: Module 'AndroidTargetPlatform' loaded TargetPlatform 'Android_MultiClient'
[2019.10.23-22.21.41:958][  0]LogTemp: Display: Module 'HTML5TargetPlatform' loaded TargetPlatform 'HTML5'
[2019.10.23-22.21.41:975][  0]LogTemp: Display: Module 'IOSTargetPlatform' loaded TargetPlatform 'IOSClient'
[2019.10.23-22.21.41:976][  0]LogTemp: Display: Module 'IOSTargetPlatform' loaded TargetPlatform 'IOS'
[2019.10.23-22.21.41:990][  0]LogTemp: Display: Module 'TVOSTargetPlatform' loaded TargetPlatform 'TVOSClient'
[2019.10.23-22.21.41:990][  0]LogTemp: Display: Module 'TVOSTargetPlatform' loaded TargetPlatform 'TVOS'
[2019.10.23-22.21.41:997][  0]LogTemp: Display: Module 'LinuxClientTargetPlatform' loaded TargetPlatform 'LinuxClient'
[2019.10.23-22.21.42:004][  0]LogTemp: Display: Module 'LinuxNoEditorTargetPlatform' loaded TargetPlatform 'LinuxNoEditor'
[2019.10.23-22.21.42:010][  0]LogTemp: Display: Module 'LinuxServerTargetPlatform' loaded TargetPlatform 'LinuxServer'
[2019.10.23-22.21.42:017][  0]LogTemp: Display: Module 'LinuxTargetPlatform' loaded TargetPlatform 'Linux'
[2019.10.23-22.21.42:039][  0]LogTemp: Display: Module 'LuminTargetPlatform' loaded TargetPlatform 'Lumin'
[2019.10.23-22.21.42:039][  0]LogTemp: Display: Module 'LuminTargetPlatform' loaded TargetPlatform 'LuminClient'
[2019.10.23-22.21.42:039][  0]LogTargetPlatformManager: Display: Building Assets For Windows
[2019.10.23-22.21.42:047][  0]LogAudioDebug: Display: Lib vorbis DLL was dynamically loaded.
[2019.10.23-22.21.42:098][  0]LogShaderCompilers: Guid format shader working directory is -23 characters bigger than the processId version (../../../../../../Users/kpearso1/Documents/Unreal Projects/GardenProject/Intermediate/Shaders/WorkingDirectory/2900/).
[2019.10.23-22.21.42:098][  0]LogShaderCompilers: Cleaned the shader compiler working directory 'C:/Users/kpearso1/AppData/Local/Temp/UnrealShaderWorkingDir/3A80645340AA238C9F077C8E08767CE5/'.
[2019.10.23-22.21.42:101][  0]LogXGEController: Cannot use XGE Controller as Incredibuild is not installed on this machine.
[2019.10.23-22.21.42:101][  0]LogShaderCompilers: Cannot use XGE Shader Compiler as Incredibuild is not installed on this machine.
[2019.10.23-22.21.42:101][  0]LogShaderCompilers: Display: Using Local Shader Compiler.
[2019.10.23-22.21.42:659][  0]LogDerivedDataCache: Display: Max Cache Size: 512 MB
[2019.10.23-22.21.42:701][  0]LogDerivedDataCache: Loaded boot cache 0.04s 73MB C:/Users/kpearso1/AppData/Local/UnrealEngine/4.23/DerivedDataCache/Boot.ddc.
[2019.10.23-22.21.42:701][  0]LogDerivedDataCache: Display: Loaded Boot cache: C:/Users/kpearso1/AppData/Local/UnrealEngine/4.23/DerivedDataCache/Boot.ddc
[2019.10.23-22.21.42:701][  0]LogDerivedDataCache: FDerivedDataBackendGraph:  Pak pak cache file ../../../../../../Users/kpearso1/Documents/Unreal Projects/GardenProject/DerivedDataCache/DDC.ddp not found, will not use a pak cache.
[2019.10.23-22.21.42:701][  0]LogDerivedDataCache: Unable to find inner node Pak for hierarchical cache Hierarchy.
[2019.10.23-22.21.42:701][  0]LogDerivedDataCache: FDerivedDataBackendGraph:  CompressedPak pak cache file ../../../../../../Users/kpearso1/Documents/Unreal Projects/GardenProject/DerivedDataCache/Compressed.ddp not found, will not use a pak cache.
[2019.10.23-22.21.42:701][  0]LogDerivedDataCache: Unable to find inner node CompressedPak for hierarchical cache Hierarchy.
[2019.10.23-22.21.42:710][  0]LogDerivedDataCache: Display: Pak cache opened for reading ../../../Engine/DerivedDataCache/Compressed.ddp.
[2019.10.23-22.21.42:710][  0]LogDerivedDataCache: FDerivedDataBackendGraph:  EnterprisePak pak cache file ../../../Enterprise/DerivedDataCache/Compressed.ddp not found, will not use a pak cache.
[2019.10.23-22.21.42:710][  0]LogDerivedDataCache: Unable to find inner node EnterprisePak for hierarchical cache Hierarchy.
[2019.10.23-22.21.42:712][  0]LogDerivedDataCache: Using Local data cache path C:/Users/kpearso1/AppData/Local/UnrealEngine/Common/DerivedDataCache: Writable
[2019.10.23-22.21.42:712][  0]LogDerivedDataCache: Shared data cache path not found in *engine.ini, will not use an Shared cache.
[2019.10.23-22.21.42:712][  0]LogDerivedDataCache: Unable to find inner node Shared for hierarchical cache Hierarchy.
[2019.10.23-22.21.42:730][  0]LogMaterial: Verifying Global Shaders for PCD3D_SM5
[2019.10.23-22.21.42:732][  0]LogSlate: Using FreeType 2.6.0
[2019.10.23-22.21.42:733][  0]LogSlate: SlateFontServices - WITH_FREETYPE: 1, WITH_HARFBUZZ: 1
[2019.10.23-22.21.42:791][  0]LogAssetRegistry: FAssetRegistry took 0.0022 seconds to start up
[2019.10.23-22.21.43:013][  0]LogInit: Selected Device Profile: [Windows]
[2019.10.23-22.21.43:142][  0]LogMeshReduction: Using QuadricMeshReduction for automatic static mesh reduction
[2019.10.23-22.21.43:142][  0]LogMeshReduction: Using SimplygonMeshReduction for automatic skeletal mesh reduction
[2019.10.23-22.21.43:142][  0]LogMeshReduction: Using ProxyLODMeshReduction for automatic mesh merging
[2019.10.23-22.21.43:142][  0]LogMeshReduction: No distributed automatic mesh merging module available
[2019.10.23-22.21.43:142][  0]LogMeshMerging: No distributed automatic mesh merging module available
[2019.10.23-22.21.43:150][  0]LogNetVersion: GardenProject 1.0.0, NetCL: 8386587, EngineNetVer: 11, GameNetVer: 0 (Checksum: 371919608)
[2019.10.23-22.21.43:490][  0]LogPackageLocalizationCache: Processed 12 localized package path(s) for 1 prioritized culture(s) in 0.037718 seconds
[2019.10.23-22.21.43:496][  0]LogUObjectArray: 43444 objects as part of root set at end of initial load.
[2019.10.23-22.21.43:496][  0]LogUObjectAllocator: 7548648 out of 0 bytes used by permanent object pool.
[2019.10.23-22.21.43:496][  0]LogUObjectArray: CloseDisregardForGC: 0/0 objects in disregard for GC pool
[2019.10.23-22.21.44:331][  0]LogTcpMessaging: Initializing TcpMessaging bridge
[2019.10.23-22.21.44:333][  0]LogUdpMessaging: Initializing bridge on interface 0.0.0.0:0 to multicast group 230.0.0.1:6666.
[2019.10.23-22.21.44:380][  0]SourceControl: Source control is disabled
[2019.10.23-22.21.44:380][  0]SourceControl: Source control is disabled
[2019.10.23-22.21.44:381][  0]SourceControl: Source control is disabled
[2019.10.23-22.21.44:382][  0]SourceControl: Source control is disabled
[2019.10.23-22.21.44:389][  0]LogVSAccessor: Display: Unable to create Visual Studio setup instance: 80040154
[2019.10.23-22.21.44:390][  0]LogVSAccessor: Display: Unable to create Visual Studio setup instance: 80040154
[2019.10.23-22.21.44:465][  0]LogAndroidPermission: UAndroidPermissionCallbackProxy::GetInstance
[2019.10.23-22.21.44:644][  0]LogOcInput: OculusInput pre-init called
[2019.10.23-22.21.44:650][  0]LogWindows: Failed to load 'OVRPlugin.dll' (GetLastError=126)
[2019.10.23-22.21.44:650][  0]LogWindows: File 'OVRPlugin.dll' does not exist
[2019.10.23-22.21.44:709][  0]LogEngine: Initializing Engine...
[2019.10.23-22.21.44:710][  0]LogHMD: Failed to initialize OpenVR with code 110
[2019.10.23-22.21.44:710][  0]LogStats: UGameplayTagsManager::InitializeManager -  0.000 s
[2019.10.23-22.21.44:891][  0]LogInit: Initializing FReadOnlyCVARCache
[2019.10.23-22.21.44:906][  0]LogAIModule: Creating AISystem for world Untitled
[2019.10.23-22.21.44:944][  0]LogInit: XAudio2 using 'Speakers (USB Audio Device)' : 2 channels at 48 kHz using 16 bits per sample (channel mask 0x3)
[2019.10.23-22.21.44:973][  0]LogInit: FAudioDevice initialized.
[2019.10.23-22.21.44:973][  0]LogNetVersion: Set ProjectVersion to 1.0.0.0. Version Checksum will be recalculated on next use.
[2019.10.23-22.21.45:289][  0]LogDerivedDataCache: Saved boot cache 0.32s 73MB C:/Users/kpearso1/AppData/Local/UnrealEngine/4.23/DerivedDataCache/Boot.ddc.
[2019.10.23-22.21.45:290][  0]LogInit: Texture streaming: Enabled
[2019.10.23-22.21.45:309][  0]LogEngineSessionManager: EngineSessionManager initialized
[2019.10.23-22.21.45:354][  0]LogInit: Transaction tracking system initialized
[2019.10.23-22.21.45:384][  0]BlueprintLog: New page: Editor Load
[2019.10.23-22.21.45:458][  0]LocalizationService: Localization service is disabled
[2019.10.23-22.21.45:516][  0]LogVSAccessor: Display: Unable to create Visual Studio setup instance: 80040154
[2019.10.23-22.21.45:517][  0]LogVSAccessor: Display: Unable to create Visual Studio setup instance: 80040154
[2019.10.23-22.21.45:666][  0]LogFileCache: Scanning file cache for directory 'C:/Users/kpearso1/Documents/Unreal Projects/GardenProject/Content/' took 0.00s
[2019.10.23-22.21.45:666][  0]LogCook: Display: Max memory allowance for cook 16384mb min free memory 0mb
[2019.10.23-22.21.45:666][  0]LogCook: Display: Mobile HDR setting 1
[2019.10.23-22.21.45:843][  0]SourceControl: Source control is disabled
[2019.10.23-22.21.45:843][  0]Cmd: MAP LOAD FILE="../../../../../../Users/kpearso1/Documents/Unreal Projects/GardenProject/Content/FirstPersonBP/Maps/FirstPersonExampleMap.umap" TEMPLATE=0 SHOWPROGRESS=1 FEATURELEVEL=3
[2019.10.23-22.21.45:843][  0]LightingResults: New page: Lighting Build
[2019.10.23-22.21.45:846][  0]LogWorld: UWorld::CleanupWorld for Untitled, bSessionEnded=true, bCleanupResources=true
[2019.10.23-22.21.45:846][  0]MapCheck: New page: Map Check
[2019.10.23-22.21.45:846][  0]LightingResults: New page: Lighting Build
[2019.10.23-22.21.45:867][  0]LogUObjectHash: Compacting FUObjectHashTables data took   1.47ms
[2019.10.23-22.21.47:291][  0]LogAIModule: Creating AISystem for world FirstPersonExampleMap
[2019.10.23-22.21.47:309][  0]LogEditorServer: Finished looking for orphan Actors (0.000 secs)
[2019.10.23-22.21.47:334][  0]LogUObjectHash: Compacting FUObjectHashTables data took   1.79ms
[2019.10.23-22.21.47:334][  0]Cmd: MAP CHECKDEP NOCLEARLOG
[2019.10.23-22.21.47:335][  0]MapCheck: Map check complete: 0 Error(s), 0 Warning(s), took 0.228ms to complete.
[2019.10.23-22.21.47:335][  0]LogFileHelpers: Loading map 'FirstPersonExampleMap' took 1.493
[2019.10.23-22.21.47:423][  0]LogSlate: Updating window title bar state: overlay mode, drag disabled, window buttons hidden, title bar hidden
[2019.10.23-22.21.47:429][  0]LogSlate: Updating window title bar state: overlay mode, drag disabled, window buttons hidden, title bar hidden
[2019.10.23-22.21.47:434][  0]LogSlate: Updating window title bar state: overlay mode, drag disabled, window buttons hidden, title bar hidden
[2019.10.23-22.21.47:439][  0]LogSlate: Updating window title bar state: overlay mode, drag disabled, window buttons hidden, title bar hidden
[2019.10.23-22.21.47:445][  0]LogCollectionManager: Loaded 0 collections in 0.001924 seconds
[2019.10.23-22.21.47:451][  0]LogFileCache: Scanning file cache for directory 'C:/Users/kpearso1/Documents/Unreal Projects/GardenProject/Saved/Collections/' took 0.00s
[2019.10.23-22.21.47:451][  0]LogFileCache: Scanning file cache for directory 'C:/Users/kpearso1/Documents/Unreal Projects/GardenProject/Content/Developers/kpearso1/Collections/' took 0.00s
[2019.10.23-22.21.47:451][  0]LogFileCache: Scanning file cache for directory 'C:/Users/kpearso1/Documents/Unreal Projects/GardenProject/Content/Collections/' took 0.00s
[2019.10.23-22.21.47:451][  0]LogCollectionManager: Rebuilt the GUID cache for 0 collections in 0.000001 seconds
[2019.10.23-22.21.47:458][  0]LogContentBrowser: Native class hierarchy populated in 0.0067 seconds. Added 2863 classes and 680 folders.
[2019.10.23-22.21.47:464][  0]LogContentBrowser: Native class hierarchy updated for 'WidgetCarousel' in 0.0002 seconds. Added 0 classes and 0 folders.
[2019.10.23-22.21.47:512][  0]LogContentBrowser: Native class hierarchy updated for 'AddContentDialog' in 0.0002 seconds. Added 0 classes and 0 folders.
[2019.10.23-22.21.47:551][  0]LogContentBrowser: Native class hierarchy updated for 'SceneOutliner' in 0.0002 seconds. Added 1 classes and 2 folders.
[2019.10.23-22.21.47:565][  0]LogSlate: Took 0.000203 seconds to synchronously load lazily loaded font '../../../Engine/Content/Slate/Fonts/Roboto-Regular.ttf' (155K)
[2019.10.23-22.21.47:567][  0]LogSlate: Took 0.000189 seconds to synchronously load lazily loaded font '../../../Engine/Content/Slate/Fonts/Roboto-Bold.ttf' (160K)
[2019.10.23-22.21.47:571][  0]LogSlate: Took 0.000237 seconds to synchronously load lazily loaded font '../../../Engine/Content/Editor/Slate/Fonts/FontAwesome.ttf' (139K)
[2019.10.23-22.21.47:625][  0]LogRenderer: Reallocating scene render targets to support 1072x556 Format 10 NumSamples 1 (Frame:1).
[2019.10.23-22.21.47:743][  0]LogContentBrowser: Native class hierarchy updated for 'HierarchicalLODOutliner' in 0.0002 seconds. Added 0 classes and 0 folders.
[2019.10.23-22.21.47:743][  0]LogLoad: (Engine Initialization) Total time: 7.93 seconds
[2019.10.23-22.21.47:743][  0]LogLoad: (Engine Initialization) Total Blueprint compile time: 0.00 seconds
[2019.10.23-22.21.47:787][  0]LogAssetRegistry: Asset discovery search completed in 4.9973 seconds
[2019.10.23-22.21.47:790][  0]LogCollectionManager: Rebuilt the object cache for 0 collections in 0.000004 seconds (found 0 objects)
[2019.10.23-22.21.47:790][  0]LogCollectionManager: Fixed up redirectors for 0 collections in 0.000037 seconds (updated 0 objects)
[2019.10.23-22.21.47:791][  0]LogContentStreaming: Texture pool size now 1000 MB
[2019.10.23-22.21.47:845][  0]LogSlate: Took 0.000185 seconds to synchronously load lazily loaded font '../../../Engine/Content/Slate/Fonts/Roboto-Light.ttf' (167K)
[2019.10.23-22.21.48:763][104]LogSlate: Took 0.000343 seconds to synchronously load lazily loaded font '../../../Engine/Content/Slate/Fonts/Roboto-Light.ttf' (167K)
[2019.10.23-22.22.05:183][ 74]LogSlate: FSceneViewport::OnFocusLost() reason 0
[2019.10.23-22.23.02:576][957]LogSlate: FSceneViewport::OnFocusLost() reason 0
[2019.10.23-22.23.12:093][ 97]LogSlate: FSceneViewport::OnFocusLost() reason 0
[2019.10.23-22.23.12:235][113]LogAssetEditorManager: Opening Asset editor for Blueprint /Game/Blueprints/Hit_Flower.Hit_Flower
[2019.10.23-22.23.12:428][113]LogContentBrowser: Native class hierarchy updated for 'BlueprintGraph' in 0.0004 seconds. Added 121 classes and 0 folders.
[2019.10.23-22.23.13:108][113]LogSlate: Took 0.000266 seconds to synchronously load lazily loaded font '../../../Engine/Content/Slate/Fonts/Roboto-BoldCondensed.ttf' (158K)
[2019.10.23-22.24.07:578][401]LogAssetEditorManager: Opening Asset editor for Blueprint /Game/Blueprints/Secret_Door.Secret_Door
[2019.10.23-22.24.19:448][657]LogSlate: Window 'Class Defaults' being destroyed
[2019.10.23-22.24.19:453][657]LogSlate: Window 'Class Defaults' being destroyed
[2019.10.23-22.24.21:852][944]LogWorld: UWorld::CleanupWorld for World_3, bSessionEnded=true, bCleanupResources=true
[2019.10.23-22.24.26:706][517]LogUObjectHash: Compacting FUObjectHashTables data took   3.16ms
[2019.10.23-22.24.28:600][517]LogSlate: Window 'Delete Assets' being destroyed
[2019.10.23-22.24.28:685][517]LogUObjectHash: Compacting FUObjectHashTables data took   2.17ms
[2019.10.23-22.24.28:716][517]LogUObjectHash: Compacting FUObjectHashTables data took   2.01ms
[2019.10.23-22.24.28:741][517]LogUObjectHash: Compacting FUObjectHashTables data took   0.67ms
[2019.10.23-22.24.31:997][736]LogSlate: Window 'Pick Parent Class' being destroyed
[2019.10.23-22.24.38:685][536]LogAssetEditorManager: Opening Asset editor for Blueprint /Game/Blueprints/Secret_Door.Secret_Door
[2019.10.23-22.24.41:402][832]LogSlate: Took 0.000237 seconds to synchronously load lazily loaded font '../../../Engine/Content/Slate/Fonts/Roboto-Italic.ttf' (157K)
[2019.10.23-22.25.12:739][470]LogSlate: FSceneViewport::OnFocusLost() reason 0
[2019.10.23-22.25.25:048][923]LogSlate: FSceneViewport::OnFocusLost() reason 0
[2019.10.23-22.25.25:121][932]BlueprintLog: New page: Compile Secret_Door
[2019.10.23-22.25.25:288][932]LogUObjectHash: Compacting FUObjectHashTables data took   2.94ms
[2019.10.23-22.27.40:972][ 82]BlueprintLog: New page: Compile Secret_Door
[2019.10.23-22.27.41:132][ 82]LogUObjectHash: Compacting FUObjectHashTables data took   3.38ms
[2019.10.23-22.28.29:271][434]BlueprintLog: New page: Compile Secret_Door
[2019.10.23-22.28.29:428][434]LogUObjectHash: Compacting FUObjectHashTables data took   3.41ms
[2019.10.23-22.29.08:997][ 55]LogSlate: Took 0.014257 seconds to synchronously load lazily loaded font '../../../Engine/Content/Slate/Fonts/Roboto-BoldCondensedItalic.ttf' (160K)
[2019.10.23-22.30.53:010][425]BlueprintLog: New page: Compile Secret_Door
[2019.10.23-22.30.53:012][425]LogClass: Warning: Type mismatch in PositioNStart of Secret_Door_C - Previous (BoolProperty) Current(StructProperty) for package:  FObjectReader
[2019.10.23-22.30.53:012][425]LogClass: Warning: Type mismatch in PosiotnEnd of Secret_Door_C - Previous (BoolProperty) Current(StructProperty) for package:  FObjectReader
[2019.10.23-22.30.53:174][425]LogUObjectHash: Compacting FUObjectHashTables data took   3.60ms
[2019.10.23-22.32.50:006][970]BlueprintLog: New page: Compile Hit_Flower
[2019.10.23-22.32.50:009][970]LogBlueprint: Error: [Compiler Hit_Flower] The type of  Object  is undetermined.  Connect something to  Cast To Secret_Door  to imply a specific type.
[2019.10.23-22.32.50:009][970]LogBlueprint: Error: [Compiler Hit_Flower] The current value of the ' Object ' pin is invalid: Unsupported type Object Wildcard on pin Object
[2019.10.23-22.32.50:254][970]LogUObjectHash: Compacting FUObjectHashTables data took   3.27ms
[2019.10.23-22.33.51:703][ 90]BlueprintLog: New page: Compile Hit_Flower
[2019.10.23-22.33.51:704][ 90]LogBlueprint: Error: [Compiler Hit_Flower] This blueprint (self) is not a Secret_Door_C, therefore ' Target ' must have a connection.
[2019.10.23-22.33.51:704][ 90]LogBlueprint: Error: [Compiler Hit_Flower] The type of  Object  is undetermined.  Connect something to  Cast To Secret_Door  to imply a specific type.
[2019.10.23-22.33.51:705][ 90]LogBlueprint: Error: [Compiler Hit_Flower] The current value of the ' Object ' pin is invalid: Unsupported type Object Wildcard on pin Object
[2019.10.23-22.33.51:867][ 90]LogUObjectHash: Compacting FUObjectHashTables data took   3.18ms
[2019.10.23-22.33.58:054][828]BlueprintLog: New page: Compile Hit_Flower
[2019.10.23-22.33.58:056][828]LogBlueprint: Error: [Compiler Hit_Flower] The type of  Object  is undetermined.  Connect something to  Cast To Secret_Door  to imply a specific type.
[2019.10.23-22.33.58:056][828]LogBlueprint: Error: [Compiler Hit_Flower] The current value of the ' Object ' pin is invalid: Unsupported type Object Wildcard on pin Object
[2019.10.23-22.33.58:210][828]LogUObjectHash: Compacting FUObjectHashTables data took   3.11ms
[2019.10.23-22.35.41:301][ 40]BlueprintLog: New page: Compile Hit_Flower
[2019.10.23-22.35.41:303][ 40]LogBlueprint: Warning: [Compiler Hit_Flower] 'Secret Door' does not inherit from 'Player Controller' ( Cast To Secret_Door  would always fail).
[2019.10.23-22.35.41:468][ 40]LogUObjectHash: Compacting FUObjectHashTables data took   3.09ms
[2019.10.23-22.35.59:464][178]BlueprintLog: New page: Compile Hit_Flower
[2019.10.23-22.35.59:628][178]LogUObjectHash: Compacting FUObjectHashTables data took   2.84ms
[2019.10.23-22.36.08:769][261]BlueprintLog: New page: Compile Hit_Flower
[2019.10.23-22.36.08:933][261]LogUObjectHash: Compacting FUObjectHashTables data took   2.87ms
[2019.10.23-22.36.26:356][335]Cmd: OBJ SAVEPACKAGE PACKAGE="/Game/Blueprints/Hit_Flower" FILE="../../../../../../Users/kpearso1/Documents/Unreal Projects/GardenProject/Content/Blueprints/Hit_Flower.uasset" SILENT=true
[2019.10.23-22.36.26:382][335]LogSavePackage: Moving '../../../../../../Users/kpearso1/Documents/Unreal Projects/GardenProject/Saved/Hit_Flower90C3D6424F0D984BFDC581974CA80DFA.tmp' to '../../../../../../Users/kpearso1/Documents/Unreal Projects/GardenProject/Content/Blueprints/Hit_Flower.uasset'
[2019.10.23-22.37.50:039][212]Cmd: CAMERA ALIGN ACTIVEVIEWPORTONLY
[2019.10.23-22.37.57:255][ 72]LogSlate: FSceneViewport::OnFocusLost() reason 0
[2019.10.23-22.38.38:129][539]LogSlate: FSceneViewport::OnFocusLost() reason 0
[2019.10.23-22.38.48:017][642]LogSlate: FSceneViewport::OnFocusLost() reason 0
[2019.10.23-22.38.48:100][652]BlueprintLog: New page: Compile Secret_Door
[2019.10.23-22.38.48:318][652]LogUObjectHash: Compacting FUObjectHashTables data took   3.11ms
[2019.10.23-22.38.51:207][979]LogSlate: Window 'Secret_Door' being destroyed
[2019.10.23-22.38.51:211][979]LogSlate: Window 'Secret_Door' being destroyed
[2019.10.23-22.38.51:219][979]LogWorld: UWorld::CleanupWorld for World_2, bSessionEnded=true, bCleanupResources=true
[2019.10.23-22.38.51:253][979]LogActorComponent: UnregisterComponent: (/Engine/Transient.EditorFloorComp) Not registered. Aborting.
[2019.10.23-22.38.51:253][979]LogWorld: UWorld::CleanupWorld for World_4, bSessionEnded=true, bCleanupResources=true
[2019.10.23-22.38.53:387][226]LogUObjectHash: Compacting FUObjectHashTables data took   3.20ms
[2019.10.23-22.38.53:662][226]LogSavePackage: Moving '../../../../../../Users/kpearso1/Documents/Unreal Projects/GardenProject/Saved/FirstPersonExampleMap44EEFA79443E73B77D70F888B140B46E.tmp' to '../../../../../../Users/kpearso1/Documents/Unreal Projects/GardenProject/Content/FirstPersonBP/Maps/FirstPersonExampleMap.umap'
[2019.10.23-22.38.54:039][226]LogSavePackage: Moving '../../../../../../Users/kpearso1/Documents/Unreal Projects/GardenProject/Saved/FirstPersonExampleMap_BuiltData47AE5191414CBF12536D5887C37B7532.tmp' to '../../../../../../Users/kpearso1/Documents/Unreal Projects/GardenProject/Content/FirstPersonBP/Maps/FirstPersonExampleMap_BuiltData.uasset'
[2019.10.23-22.38.54:553][282]LogEditorViewport: Clicking on Actor (LMB): Secret_Door_C (Secret_Door)
[2019.10.23-22.38.56:768][547]LogSlate: FSceneViewport::OnFocusLost() reason 0
[2019.10.23-22.39.22:402][621]LogSlate: FSceneViewport::OnFocusLost() reason 0
[2019.10.23-22.39.54:777][492]LogSlate: FSceneViewport::OnFocusLost() reason 0
[2019.10.23-22.39.54:877][499]LogUObjectHash: Compacting FUObjectHashTables data took   2.79ms
[2019.10.23-22.39.55:145][499]LogSavePackage: Moving '../../../../../../Users/kpearso1/Documents/Unreal Projects/GardenProject/Saved/FirstPersonExampleMap264AE82743782E2FDF308D8544EBBA83.tmp' to '../../../../../../Users/kpearso1/Documents/Unreal Projects/GardenProject/Content/FirstPersonBP/Maps/FirstPersonExampleMap.umap'
[2019.10.23-22.39.55:398][499]LogSavePackage: Moving '../../../../../../Users/kpearso1/Documents/Unreal Projects/GardenProject/Saved/FirstPersonExampleMap_BuiltData9ED3010546C87CB8A674949DC840EAD9.tmp' to '../../../../../../Users/kpearso1/Documents/Unreal Projects/GardenProject/Content/FirstPersonBP/Maps/FirstPersonExampleMap_BuiltData.uasset'
[2019.10.23-22.39.55:994][530]LogUObjectHash: Compacting FUObjectHashTables data took   2.02ms
[2019.10.23-22.39.57:526][530]LogSlate: Window 'Save Content' being destroyed
[2019.10.23-22.39.57:546][530]Cmd: OBJ SAVEPACKAGE PACKAGE="/Game/Blueprints/Secret_Door" FILE="../../../../../../Users/kpearso1/Documents/Unreal Projects/GardenProject/Content/Blueprints/Secret_Door.uasset" SILENT=true
[2019.10.23-22.39.57:562][530]LogSavePackage: Moving '../../../../../../Users/kpearso1/Documents/Unreal Projects/GardenProject/Saved/Secret_Door00999D78442536764F25FC87FF733085.tmp' to '../../../../../../Users/kpearso1/Documents/Unreal Projects/GardenProject/Content/Blueprints/Secret_Door.uasset'
[2019.10.23-22.39.59:562][763]LogUObjectHash: Compacting FUObjectHashTables data took   2.55ms
[2019.10.23-22.40.02:503][110]LogUObjectHash: Compacting FUObjectHashTables data took   0.76ms
[2019.10.23-22.40.02:770][110]LogSavePackage: Moving '../../../../../../Users/kpearso1/Documents/Unreal Projects/GardenProject/Saved/FirstPersonExampleMapD030899F45009E03C8571985AC76DA49.tmp' to '../../../../../../Users/kpearso1/Documents/Unreal Projects/GardenProject/Content/FirstPersonBP/Maps/FirstPersonExampleMap.umap'
[2019.10.23-22.40.03:020][110]LogSavePackage: Moving '../../../../../../Users/kpearso1/Documents/Unreal Projects/GardenProject/Saved/FirstPersonExampleMap_BuiltData37D9A83D4994B267387B14A21FD1462E.tmp' to '../../../../../../Users/kpearso1/Documents/Unreal Projects/GardenProject/Content/FirstPersonBP/Maps/FirstPersonExampleMap_BuiltData.uasset'
